<?xml version="1.0" encoding="UTF-8"?>
<testsuite xmlns:xsi="http://www.w3.org/2001/XMLSchema-instance" xsi:noNamespaceSchemaLocation="https://maven.apache.org/surefire/maven-failsafe-plugin/xsd/failsafe-test-report.xsd" name="test.demo.testrunner.TestRunner" time="14.072" tests="2" errors="0" skipped="0" failures="1">
  <properties>
    <property name="sun.desktop" value="windows"/>
    <property name="awt.toolkit" value="sun.awt.windows.WToolkit"/>
    <property name="file.encoding.pkg" value="sun.io"/>
    <property name="java.specification.version" value="1.8"/>
    <property name="sun.cpu.isalist" value="amd64"/>
    <property name="sun.jnu.encoding" value="Cp1252"/>
    <property name="java.class.path" value="C:\Users\koppo\labcorpmock\demo\target\test-classes;C:\Users\koppo\labcorpmock\demo\target\demo-0.0.1-SNAPSHOT.jar;C:\Users\koppo\.m2\repository\junit\junit\4.11\junit-4.11.jar;C:\Users\koppo\.m2\repository\org\hamcrest\hamcrest-core\1.3\hamcrest-core-1.3.jar;C:\Users\koppo\.m2\repository\net\serenity-bdd\serenity-core\2.0.40\serenity-core-2.0.40.jar;C:\Users\koppo\.m2\repository\net\bytebuddy\byte-buddy\1.9.6\byte-buddy-1.9.6.jar;C:\Users\koppo\.m2\repository\net\bytebuddy\byte-buddy-agent\1.9.6\byte-buddy-agent-1.9.6.jar;C:\Users\koppo\.m2\repository\com\google\guava\guava\25.0-jre\guava-25.0-jre.jar;C:\Users\koppo\.m2\repository\com\google\code\findbugs\jsr305\1.3.9\jsr305-1.3.9.jar;C:\Users\koppo\.m2\repository\org\checkerframework\checker-compat-qual\2.0.0\checker-compat-qual-2.0.0.jar;C:\Users\koppo\.m2\repository\com\google\errorprone\error_prone_annotations\2.1.3\error_prone_annotations-2.1.3.jar;C:\Users\koppo\.m2\repository\com\google\j2objc\j2objc-annotations\1.1\j2objc-annotations-1.1.jar;C:\Users\koppo\.m2\repository\org\codehaus\mojo\animal-sniffer-annotations\1.14\animal-sniffer-annotations-1.14.jar;C:\Users\koppo\.m2\repository\com\google\inject\guice\4.2.2\guice-4.2.2.jar;C:\Users\koppo\.m2\repository\javax\inject\javax.inject\1\javax.inject-1.jar;C:\Users\koppo\.m2\repository\aopalliance\aopalliance\1.0\aopalliance-1.0.jar;C:\Users\koppo\.m2\repository\cglib\cglib\3.2.5\cglib-3.2.5.jar;C:\Users\koppo\.m2\repository\org\ow2\asm\asm\5.0.3\asm-5.0.3.jar;C:\Users\koppo\.m2\repository\commons-codec\commons-codec\1.10\commons-codec-1.10.jar;C:\Users\koppo\.m2\repository\org\objenesis\objenesis\2.6\objenesis-2.6.jar;C:\Users\koppo\.m2\repository\xml-apis\xml-apis\1.4.01\xml-apis-1.4.01.jar;C:\Users\koppo\.m2\repository\io\cucumber\cucumber-core\2.4.0\cucumber-core-2.4.0.jar;C:\Users\koppo\.m2\repository\info\cukes\cucumber-html\0.2.6\cucumber-html-0.2.6.jar;C:\Users\koppo\.m2\repository\io\cucumber\cucumber-jvm-deps\1.0.6\cucumber-jvm-deps-1.0.6.jar;C:\Users\koppo\.m2\repository\io\cucumber\gherkin\5.0.0\gherkin-5.0.0.jar;C:\Users\koppo\.m2\repository\io\cucumber\tag-expressions\1.1.1\tag-expressions-1.1.1.jar;C:\Users\koppo\.m2\repository\commons-logging\commons-logging\1.2\commons-logging-1.2.jar;C:\Users\koppo\.m2\repository\io\vavr\vavr\0.9.0\vavr-0.9.0.jar;C:\Users\koppo\.m2\repository\io\vavr\vavr-match\0.9.0\vavr-match-0.9.0.jar;C:\Users\koppo\.m2\repository\javax\xml\bind\jaxb-api\2.2.12\jaxb-api-2.2.12.jar;C:\Users\koppo\.m2\repository\com\sun\xml\bind\jaxb-core\2.3.0.1\jaxb-core-2.3.0.1.jar;C:\Users\koppo\.m2\repository\com\sun\xml\bind\jaxb-impl\2.3.0.1\jaxb-impl-2.3.0.1.jar;C:\Users\koppo\.m2\repository\javax\activation\activation\1.1.1\activation-1.1.1.jar;C:\Users\koppo\.m2\repository\org\mockito\mockito-core\2.23.4\mockito-core-2.23.4.jar;C:\Users\koppo\.m2\repository\net\serenity-bdd\serenity-report-resources\2.0.40\serenity-report-resources-2.0.40.jar;C:\Users\koppo\.m2\repository\net\serenity-bdd\serenity-model\2.0.40\serenity-model-2.0.40.jar;C:\Users\koppo\.m2\repository\commons-net\commons-net\3.6\commons-net-3.6.jar;C:\Users\koppo\.m2\repository\org\apache\commons\commons-text\1.6\commons-text-1.6.jar;C:\Users\koppo\.m2\repository\net\serenity-bdd\serenity-reports\2.0.40\serenity-reports-2.0.40.jar;C:\Users\koppo\.m2\repository\net\serenity-bdd\serenity-stats\2.0.40\serenity-stats-2.0.40.jar;C:\Users\koppo\.m2\repository\org\jetbrains\kotlin\kotlin-stdlib\1.2.51\kotlin-stdlib-1.2.51.jar;C:\Users\koppo\.m2\repository\org\jetbrains\kotlin\kotlin-stdlib-common\1.2.51\kotlin-stdlib-common-1.2.51.jar;C:\Users\koppo\.m2\repository\org\jetbrains\annotations\13.0\annotations-13.0.jar;C:\Users\koppo\.m2\repository\com\google\code\gson\gson\2.8.4\gson-2.8.4.jar;C:\Users\koppo\.m2\repository\commons-io\commons-io\2.6\commons-io-2.6.jar;C:\Users\koppo\.m2\repository\org\seleniumhq\selenium\selenium-server\3.141.59\selenium-server-3.141.59.jar;C:\Users\koppo\.m2\repository\org\seleniumhq\selenium\selenium-firefox-driver\3.141.59\selenium-firefox-driver-3.141.59.jar;C:\Users\koppo\.m2\repository\org\seleniumhq\selenium\selenium-ie-driver\3.141.59\selenium-ie-driver-3.141.59.jar;C:\Users\koppo\.m2\repository\com\beust\jcommander\1.72\jcommander-1.72.jar;C:\Users\koppo\.m2\repository\org\apache\commons\commons-exec\1.3\commons-exec-1.3.jar;C:\Users\koppo\.m2\repository\net\jcip\jcip-annotations\1.0\jcip-annotations-1.0.jar;C:\Users\koppo\.m2\repository\org\seleniumhq\selenium\jetty-repacked\9.4.12.v20180830\jetty-repacked-9.4.12.v20180830.jar;C:\Users\koppo\.m2\repository\com\squareup\okhttp3\okhttp\3.11.0\okhttp-3.11.0.jar;C:\Users\koppo\.m2\repository\com\squareup\okio\okio\1.14.0\okio-1.14.0.jar;C:\Users\koppo\.m2\repository\javax\servlet\javax.servlet-api\3.1.0\javax.servlet-api-3.1.0.jar;C:\Users\koppo\.m2\repository\org\yaml\snakeyaml\1.19\snakeyaml-1.19.jar;C:\Users\koppo\.m2\repository\org\seleniumhq\selenium\selenium-java\3.141.59\selenium-java-3.141.59.jar;C:\Users\koppo\.m2\repository\org\seleniumhq\selenium\selenium-api\3.141.59\selenium-api-3.141.59.jar;C:\Users\koppo\.m2\repository\org\seleniumhq\selenium\selenium-chrome-driver\3.141.59\selenium-chrome-driver-3.141.59.jar;C:\Users\koppo\.m2\repository\org\seleniumhq\selenium\selenium-edge-driver\3.141.59\selenium-edge-driver-3.141.59.jar;C:\Users\koppo\.m2\repository\org\seleniumhq\selenium\selenium-remote-driver\3.141.59\selenium-remote-driver-3.141.59.jar;C:\Users\koppo\.m2\repository\org\seleniumhq\selenium\selenium-safari-driver\3.141.59\selenium-safari-driver-3.141.59.jar;C:\Users\koppo\.m2\repository\org\seleniumhq\selenium\selenium-opera-driver\3.141.59\selenium-opera-driver-3.141.59.jar;C:\Users\koppo\.m2\repository\org\seleniumhq\selenium\selenium-support\3.141.59\selenium-support-3.141.59.jar;C:\Users\koppo\.m2\repository\com\paulhammant\ngwebdriver\1.1.4\ngwebdriver-1.1.4.jar;C:\Users\koppo\.m2\repository\com\codeborne\phantomjsdriver\1.4.4\phantomjsdriver-1.4.4.jar;C:\Users\koppo\.m2\repository\org\eclipse\jetty\jetty-util\9.4.8.v20171121\jetty-util-9.4.8.v20171121.jar;C:\Users\koppo\.m2\repository\org\eclipse\jetty\jetty-io\9.4.8.v20171121\jetty-io-9.4.8.v20171121.jar;C:\Users\koppo\.m2\repository\org\seleniumhq\selenium\htmlunit-driver\2.33.1\htmlunit-driver-2.33.1.jar;C:\Users\koppo\.m2\repository\io\appium\java-client\6.1.0\java-client-6.1.0.jar;C:\Users\koppo\.m2\repository\commons-validator\commons-validator\1.6\commons-validator-1.6.jar;C:\Users\koppo\.m2\repository\commons-beanutils\commons-beanutils\1.9.2\commons-beanutils-1.9.2.jar;C:\Users\koppo\.m2\repository\commons-digester\commons-digester\1.8.1\commons-digester-1.8.1.jar;C:\Users\koppo\.m2\repository\org\springframework\spring-context\5.0.5.RELEASE\spring-context-5.0.5.RELEASE.jar;C:\Users\koppo\.m2\repository\org\springframework\spring-aop\5.0.5.RELEASE\spring-aop-5.0.5.RELEASE.jar;C:\Users\koppo\.m2\repository\org\springframework\spring-beans\5.0.5.RELEASE\spring-beans-5.0.5.RELEASE.jar;C:\Users\koppo\.m2\repository\org\springframework\spring-core\5.0.5.RELEASE\spring-core-5.0.5.RELEASE.jar;C:\Users\koppo\.m2\repository\org\springframework\spring-jcl\5.0.5.RELEASE\spring-jcl-5.0.5.RELEASE.jar;C:\Users\koppo\.m2\repository\org\springframework\spring-expression\5.0.5.RELEASE\spring-expression-5.0.5.RELEASE.jar;C:\Users\koppo\.m2\repository\org\aspectj\aspectjweaver\1.9.1\aspectjweaver-1.9.1.jar;C:\Users\koppo\.m2\repository\org\openpnp\opencv\3.2.0-1\opencv-3.2.0-1.jar;C:\Users\koppo\.m2\repository\org\glassfish\tyrus\tyrus-core\1.13.1\tyrus-core-1.13.1.jar;C:\Users\koppo\.m2\repository\org\glassfish\tyrus\tyrus-spi\1.13.1\tyrus-spi-1.13.1.jar;C:\Users\koppo\.m2\repository\javax\websocket\javax.websocket-api\1.1\javax.websocket-api-1.1.jar;C:\Users\koppo\.m2\repository\org\codehaus\groovy\groovy\2.5.5\groovy-2.5.5.jar;C:\Users\koppo\.m2\repository\net\sf\opencsv\opencsv\2.0\opencsv-2.0.jar;C:\Users\koppo\.m2\repository\commons-beanutils\commons-beanutils-core\1.8.3\commons-beanutils-core-1.8.3.jar;C:\Users\koppo\.m2\repository\joda-time\joda-time\2.7\joda-time-2.7.jar;C:\Users\koppo\.m2\repository\com\thoughtworks\xstream\xstream\1.4.9\xstream-1.4.9.jar;C:\Users\koppo\.m2\repository\xmlpull\xmlpull\1.1.3.1\xmlpull-1.1.3.1.jar;C:\Users\koppo\.m2\repository\xpp3\xpp3_min\1.1.4c\xpp3_min-1.1.4c.jar;C:\Users\koppo\.m2\repository\org\apache\commons\commons-lang3\3.8.1\commons-lang3-3.8.1.jar;C:\Users\koppo\.m2\repository\commons-collections\commons-collections\3.2.2\commons-collections-3.2.2.jar;C:\Users\koppo\.m2\repository\org\freemarker\freemarker\2.3.28\freemarker-2.3.28.jar;C:\Users\koppo\.m2\repository\net\sourceforge\jexcelapi\jxl\2.6.12\jxl-2.6.12.jar;C:\Users\koppo\.m2\repository\org\hamcrest\hamcrest-library\1.3\hamcrest-library-1.3.jar;C:\Users\koppo\.m2\repository\net\sourceforge\htmlunit\htmlunit\2.33\htmlunit-2.33.jar;C:\Users\koppo\.m2\repository\net\sourceforge\htmlunit\htmlunit-core-js\2.33\htmlunit-core-js-2.33.jar;C:\Users\koppo\.m2\repository\net\sourceforge\htmlunit\neko-htmlunit\2.33\neko-htmlunit-2.33.jar;C:\Users\koppo\.m2\repository\xerces\xercesImpl\2.12.0\xercesImpl-2.12.0.jar;C:\Users\koppo\.m2\repository\net\sourceforge\htmlunit\htmlunit-cssparser\1.2.0\htmlunit-cssparser-1.2.0.jar;C:\Users\koppo\.m2\repository\org\eclipse\jetty\websocket\websocket-client\9.4.12.v20180830\websocket-client-9.4.12.v20180830.jar;C:\Users\koppo\.m2\repository\org\eclipse\jetty\jetty-client\9.4.12.v20180830\jetty-client-9.4.12.v20180830.jar;C:\Users\koppo\.m2\repository\org\eclipse\jetty\jetty-http\9.4.12.v20180830\jetty-http-9.4.12.v20180830.jar;C:\Users\koppo\.m2\repository\org\eclipse\jetty\jetty-xml\9.4.12.v20180830\jetty-xml-9.4.12.v20180830.jar;C:\Users\koppo\.m2\repository\org\eclipse\jetty\websocket\websocket-common\9.4.12.v20180830\websocket-common-9.4.12.v20180830.jar;C:\Users\koppo\.m2\repository\org\eclipse\jetty\websocket\websocket-api\9.4.12.v20180830\websocket-api-9.4.12.v20180830.jar;C:\Users\koppo\.m2\repository\org\apache\httpcomponents\httpclient\4.5.5\httpclient-4.5.5.jar;C:\Users\koppo\.m2\repository\org\apache\httpcomponents\httpcore\4.4.9\httpcore-4.4.9.jar;C:\Users\koppo\.m2\repository\org\apache\httpcomponents\httpmime\4.5.5\httpmime-4.5.5.jar;C:\Users\koppo\.m2\repository\org\fluentlenium\fluentlenium-core\0.10.2\fluentlenium-core-0.10.2.jar;C:\Users\koppo\.m2\repository\com\jhlabs\filters\2.0.235\filters-2.0.235.jar;C:\Users\koppo\.m2\repository\org\asciidoctor\asciidoctorj\1.5.6\asciidoctorj-1.5.6.jar;C:\Users\koppo\.m2\repository\org\jruby\jruby-complete\1.7.26\jruby-complete-1.7.26.jar;C:\Users\koppo\.m2\repository\org\imgscalr\imgscalr-lib\4.2\imgscalr-lib-4.2.jar;C:\Users\koppo\.m2\repository\javax\el\javax.el-api\2.2.4\javax.el-api-2.2.4.jar;C:\Users\koppo\.m2\repository\org\glassfish\web\javax.el\2.2.4\javax.el-2.2.4.jar;C:\Users\koppo\.m2\repository\xalan\xalan\2.7.2\xalan-2.7.2.jar;C:\Users\koppo\.m2\repository\xalan\serializer\2.7.2\serializer-2.7.2.jar;C:\Users\koppo\.m2\repository\org\awaitility\awaitility\3.1.0\awaitility-3.1.0.jar;C:\Users\koppo\.m2\repository\com\typesafe\config\1.3.1\config-1.3.1.jar;C:\Users\koppo\.m2\repository\org\jsoup\jsoup\1.10.3\jsoup-1.10.3.jar;C:\Users\koppo\.m2\repository\com\google\jimfs\jimfs\1.1\jimfs-1.1.jar;C:\Users\koppo\.m2\repository\es\nitaur\markdown\txtmark\0.16\txtmark-0.16.jar;C:\Users\koppo\.m2\repository\com\vladsch\flexmark\flexmark-all\0.34.30\flexmark-all-0.34.30.jar;C:\Users\koppo\.m2\repository\com\vladsch\flexmark\flexmark\0.34.30\flexmark-0.34.30.jar;C:\Users\koppo\.m2\repository\com\vladsch\flexmark\flexmark-ext-abbreviation\0.34.30\flexmark-ext-abbreviation-0.34.30.jar;C:\Users\koppo\.m2\repository\com\vladsch\flexmark\flexmark-ext-admonition\0.34.30\flexmark-ext-admonition-0.34.30.jar;C:\Users\koppo\.m2\repository\com\vladsch\flexmark\flexmark-ext-anchorlink\0.34.30\flexmark-ext-anchorlink-0.34.30.jar;C:\Users\koppo\.m2\repository\com\vladsch\flexmark\flexmark-ext-aside\0.34.30\flexmark-ext-aside-0.34.30.jar;C:\Users\koppo\.m2\repository\com\vladsch\flexmark\flexmark-ext-attributes\0.34.30\flexmark-ext-attributes-0.34.30.jar;C:\Users\koppo\.m2\repository\com\vladsch\flexmark\flexmark-ext-autolink\0.34.30\flexmark-ext-autolink-0.34.30.jar;C:\Users\koppo\.m2\repository\org\nibor\autolink\autolink\0.6.0\autolink-0.6.0.jar;C:\Users\koppo\.m2\repository\com\vladsch\flexmark\flexmark-ext-definition\0.34.30\flexmark-ext-definition-0.34.30.jar;C:\Users\koppo\.m2\repository\com\vladsch\flexmark\flexmark-ext-emoji\0.34.30\flexmark-ext-emoji-0.34.30.jar;C:\Users\koppo\.m2\repository\com\vladsch\flexmark\flexmark-ext-enumerated-reference\0.34.30\flexmark-ext-enumerated-reference-0.34.30.jar;C:\Users\koppo\.m2\repository\com\vladsch\flexmark\flexmark-ext-escaped-character\0.34.30\flexmark-ext-escaped-character-0.34.30.jar;C:\Users\koppo\.m2\repository\com\vladsch\flexmark\flexmark-ext-footnotes\0.34.30\flexmark-ext-footnotes-0.34.30.jar;C:\Users\koppo\.m2\repository\com\vladsch\flexmark\flexmark-ext-gfm-issues\0.34.30\flexmark-ext-gfm-issues-0.34.30.jar;C:\Users\koppo\.m2\repository\com\vladsch\flexmark\flexmark-ext-gfm-strikethrough\0.34.30\flexmark-ext-gfm-strikethrough-0.34.30.jar;C:\Users\koppo\.m2\repository\com\vladsch\flexmark\flexmark-ext-gfm-tables\0.34.30\flexmark-ext-gfm-tables-0.34.30.jar;C:\Users\koppo\.m2\repository\com\vladsch\flexmark\flexmark-ext-gfm-tasklist\0.34.30\flexmark-ext-gfm-tasklist-0.34.30.jar;C:\Users\koppo\.m2\repository\com\vladsch\flexmark\flexmark-ext-gfm-users\0.34.30\flexmark-ext-gfm-users-0.34.30.jar;C:\Users\koppo\.m2\repository\com\vladsch\flexmark\flexmark-ext-gitlab\0.34.30\flexmark-ext-gitlab-0.34.30.jar;C:\Users\koppo\.m2\repository\com\vladsch\flexmark\flexmark-ext-jekyll-front-matter\0.34.30\flexmark-ext-jekyll-front-matter-0.34.30.jar;C:\Users\koppo\.m2\repository\com\vladsch\flexmark\flexmark-ext-jekyll-tag\0.34.30\flexmark-ext-jekyll-tag-0.34.30.jar;C:\Users\koppo\.m2\repository\com\vladsch\flexmark\flexmark-ext-media-tags\0.34.30\flexmark-ext-media-tags-0.34.30.jar;C:\Users\koppo\.m2\repository\com\vladsch\flexmark\flexmark-test-util\0.34.30\flexmark-test-util-0.34.30.jar;C:\Users\koppo\.m2\repository\com\vladsch\flexmark\flexmark-ext-ins\0.34.30\flexmark-ext-ins-0.34.30.jar;C:\Users\koppo\.m2\repository\com\vladsch\flexmark\flexmark-ext-xwiki-macros\0.34.30\flexmark-ext-xwiki-macros-0.34.30.jar;C:\Users\koppo\.m2\repository\com\vladsch\flexmark\flexmark-ext-superscript\0.34.30\flexmark-ext-superscript-0.34.30.jar;C:\Users\koppo\.m2\repository\com\vladsch\flexmark\flexmark-ext-tables\0.34.30\flexmark-ext-tables-0.34.30.jar;C:\Users\koppo\.m2\repository\com\vladsch\flexmark\flexmark-ext-toc\0.34.30\flexmark-ext-toc-0.34.30.jar;C:\Users\koppo\.m2\repository\com\vladsch\flexmark\flexmark-ext-typographic\0.34.30\flexmark-ext-typographic-0.34.30.jar;C:\Users\koppo\.m2\repository\com\vladsch\flexmark\flexmark-ext-wikilink\0.34.30\flexmark-ext-wikilink-0.34.30.jar;C:\Users\koppo\.m2\repository\com\vladsch\flexmark\flexmark-ext-yaml-front-matter\0.34.30\flexmark-ext-yaml-front-matter-0.34.30.jar;C:\Users\koppo\.m2\repository\com\vladsch\flexmark\flexmark-ext-youtube-embedded\0.34.30\flexmark-ext-youtube-embedded-0.34.30.jar;C:\Users\koppo\.m2\repository\com\vladsch\flexmark\flexmark-formatter\0.34.30\flexmark-formatter-0.34.30.jar;C:\Users\koppo\.m2\repository\com\vladsch\flexmark\flexmark-html-parser\0.34.30\flexmark-html-parser-0.34.30.jar;C:\Users\koppo\.m2\repository\com\vladsch\flexmark\flexmark-jira-converter\0.34.30\flexmark-jira-converter-0.34.30.jar;C:\Users\koppo\.m2\repository\com\vladsch\flexmark\flexmark-pdf-converter\0.34.30\flexmark-pdf-converter-0.34.30.jar;C:\Users\koppo\.m2\repository\com\openhtmltopdf\openhtmltopdf-core\0.0.1-RC13\openhtmltopdf-core-0.0.1-RC13.jar;C:\Users\koppo\.m2\repository\com\openhtmltopdf\openhtmltopdf-pdfbox\0.0.1-RC13\openhtmltopdf-pdfbox-0.0.1-RC13.jar;C:\Users\koppo\.m2\repository\org\apache\pdfbox\pdfbox\2.0.8\pdfbox-2.0.8.jar;C:\Users\koppo\.m2\repository\org\apache\pdfbox\fontbox\2.0.8\fontbox-2.0.8.jar;C:\Users\koppo\.m2\repository\org\apache\pdfbox\xmpbox\2.0.8\xmpbox-2.0.8.jar;C:\Users\koppo\.m2\repository\de\rototor\pdfbox\graphics2d\0.12\graphics2d-0.12.jar;C:\Users\koppo\.m2\repository\com\openhtmltopdf\openhtmltopdf-rtl-support\0.0.1-RC13\openhtmltopdf-rtl-support-0.0.1-RC13.jar;C:\Users\koppo\.m2\repository\com\ibm\icu\icu4j\59.1\icu4j-59.1.jar;C:\Users\koppo\.m2\repository\com\openhtmltopdf\openhtmltopdf-jsoup-dom-converter\0.0.1-RC13\openhtmltopdf-jsoup-dom-converter-0.0.1-RC13.jar;C:\Users\koppo\.m2\repository\com\vladsch\flexmark\flexmark-profile-pegdown\0.34.30\flexmark-profile-pegdown-0.34.30.jar;C:\Users\koppo\.m2\repository\com\vladsch\flexmark\flexmark-util\0.34.30\flexmark-util-0.34.30.jar;C:\Users\koppo\.m2\repository\com\vladsch\flexmark\flexmark-youtrack-converter\0.34.30\flexmark-youtrack-converter-0.34.30.jar;C:\Users\koppo\.m2\repository\net\serenity-bdd\serenity-junit\2.0.40\serenity-junit-2.0.40.jar;C:\Users\koppo\.m2\repository\net\serenity-bdd\serenity-cucumber\1.9.31\serenity-cucumber-1.9.31.jar;C:\Users\koppo\.m2\repository\net\serenity-bdd\serenity-screenplay\2.0.40\serenity-screenplay-2.0.40.jar;C:\Users\koppo\.m2\repository\uk\com\robust-it\cloning\1.9.10\cloning-1.9.10.jar;C:\Users\koppo\.m2\repository\net\serenity-bdd\serenity-screenplay-webdriver\2.0.40\serenity-screenplay-webdriver-2.0.40.jar;C:\Users\koppo\.m2\repository\io\cucumber\cucumber-java\2.4.0\cucumber-java-2.4.0.jar;C:\Users\koppo\.m2\repository\io\cucumber\cucumber-junit\2.4.0\cucumber-junit-2.4.0.jar;C:\Users\koppo\.m2\repository\org\apache\commons\commons-csv\1.5\commons-csv-1.5.jar;C:\Users\koppo\.m2\repository\org\slf4j\slf4j-api\1.7.6\slf4j-api-1.7.6.jar;C:\Users\koppo\.m2\repository\org\slf4j\slf4j-log4j12\1.7.5\slf4j-log4j12-1.7.5.jar;C:\Users\koppo\.m2\repository\log4j\log4j\1.2.17\log4j-1.2.17.jar;C:\Users\koppo\.m2\repository\io-rest-assured\rest-assured\3.3.0\rest-assured-3.3.0.jar;C:\Users\koppo\.m2\repository\net\serenity-bdd\serenity-rest-assured\2.0.40\serenity-rest-assured-2.0.40.jar;C:\Users\koppo\.m2\repository\io\rest-assured\rest-assured\3.3.0\rest-assured-3.3.0.jar;C:\Users\koppo\.m2\repository\org\ccil\cowan\tagsoup\tagsoup\1.2.1\tagsoup-1.2.1.jar;C:\Users\koppo\.m2\repository\io\rest-assured\json-path\3.3.0\json-path-3.3.0.jar;C:\Users\koppo\.m2\repository\io\rest-assured\rest-assured-common\3.3.0\rest-assured-common-3.3.0.jar;C:\Users\koppo\.m2\repository\io\rest-assured\xml-path\3.3.0\xml-path-3.3.0.jar;C:\Users\koppo\.m2\repository\com\sun\xml\bind\jaxb-osgi\2.2.10\jaxb-osgi-2.2.10.jar;C:\Users\koppo\.m2\repository\org\apache\sling\org.apache.sling.javax.activation\0.1.0\org.apache.sling.javax.activation-0.1.0.jar;C:\Users\koppo\.m2\repository\org\codehaus\groovy\groovy-xml\2.5.5\groovy-xml-2.5.5.jar;C:\Users\koppo\.m2\repository\org\codehaus\groovy\groovy-json\2.5.5\groovy-json-2.5.5.jar;C:\Users\koppo\.m2\repository\com\googlecode\json-simple\json-simple\1.1.1\json-simple-1.1.1.jar;"/>
    <property name="java.vm.vendor" value="Oracle Corporation"/>
    <property name="sun.arch.data.model" value="64"/>
    <property name="user.variant" value=""/>
    <property name="java.vendor.url" value="http://java.oracle.com/"/>
    <property name="user.timezone" value="America/New_York"/>
    <property name="java.vm.specification.version" value="1.8"/>
    <property name="os.name" value="Windows 10"/>
    <property name="user.country" value="US"/>
    <property name="sun.java.launcher" value="SUN_STANDARD"/>
    <property name="sun.boot.library.path" value="C:\Program Files\Java\jdk1.8.0_202\jre\bin"/>
    <property name="sun.java.command" value="C:\Users\koppo\AppData\Local\Temp\surefire2847105138035369951\surefirebooter8382533507973081162.jar C:\Users\koppo\AppData\Local\Temp\surefire2847105138035369951 2022-08-18T11-49-15_924-jvmRun1 surefire2672745593321706518tmp surefire_01192292079760708982tmp"/>
    <property name="webdriver.driver" value="chrome"/>
    <property name="surefire.test.class.path" value="C:\Users\koppo\labcorpmock\demo\target\test-classes;C:\Users\koppo\labcorpmock\demo\target\demo-0.0.1-SNAPSHOT.jar;C:\Users\koppo\.m2\repository\junit\junit\4.11\junit-4.11.jar;C:\Users\koppo\.m2\repository\org\hamcrest\hamcrest-core\1.3\hamcrest-core-1.3.jar;C:\Users\koppo\.m2\repository\net\serenity-bdd\serenity-core\2.0.40\serenity-core-2.0.40.jar;C:\Users\koppo\.m2\repository\net\bytebuddy\byte-buddy\1.9.6\byte-buddy-1.9.6.jar;C:\Users\koppo\.m2\repository\net\bytebuddy\byte-buddy-agent\1.9.6\byte-buddy-agent-1.9.6.jar;C:\Users\koppo\.m2\repository\com\google\guava\guava\25.0-jre\guava-25.0-jre.jar;C:\Users\koppo\.m2\repository\com\google\code\findbugs\jsr305\1.3.9\jsr305-1.3.9.jar;C:\Users\koppo\.m2\repository\org\checkerframework\checker-compat-qual\2.0.0\checker-compat-qual-2.0.0.jar;C:\Users\koppo\.m2\repository\com\google\errorprone\error_prone_annotations\2.1.3\error_prone_annotations-2.1.3.jar;C:\Users\koppo\.m2\repository\com\google\j2objc\j2objc-annotations\1.1\j2objc-annotations-1.1.jar;C:\Users\koppo\.m2\repository\org\codehaus\mojo\animal-sniffer-annotations\1.14\animal-sniffer-annotations-1.14.jar;C:\Users\koppo\.m2\repository\com\google\inject\guice\4.2.2\guice-4.2.2.jar;C:\Users\koppo\.m2\repository\javax\inject\javax.inject\1\javax.inject-1.jar;C:\Users\koppo\.m2\repository\aopalliance\aopalliance\1.0\aopalliance-1.0.jar;C:\Users\koppo\.m2\repository\cglib\cglib\3.2.5\cglib-3.2.5.jar;C:\Users\koppo\.m2\repository\org\ow2\asm\asm\5.0.3\asm-5.0.3.jar;C:\Users\koppo\.m2\repository\commons-codec\commons-codec\1.10\commons-codec-1.10.jar;C:\Users\koppo\.m2\repository\org\objenesis\objenesis\2.6\objenesis-2.6.jar;C:\Users\koppo\.m2\repository\xml-apis\xml-apis\1.4.01\xml-apis-1.4.01.jar;C:\Users\koppo\.m2\repository\io\cucumber\cucumber-core\2.4.0\cucumber-core-2.4.0.jar;C:\Users\koppo\.m2\repository\info\cukes\cucumber-html\0.2.6\cucumber-html-0.2.6.jar;C:\Users\koppo\.m2\repository\io\cucumber\cucumber-jvm-deps\1.0.6\cucumber-jvm-deps-1.0.6.jar;C:\Users\koppo\.m2\repository\io\cucumber\gherkin\5.0.0\gherkin-5.0.0.jar;C:\Users\koppo\.m2\repository\io\cucumber\tag-expressions\1.1.1\tag-expressions-1.1.1.jar;C:\Users\koppo\.m2\repository\commons-logging\commons-logging\1.2\commons-logging-1.2.jar;C:\Users\koppo\.m2\repository\io\vavr\vavr\0.9.0\vavr-0.9.0.jar;C:\Users\koppo\.m2\repository\io\vavr\vavr-match\0.9.0\vavr-match-0.9.0.jar;C:\Users\koppo\.m2\repository\javax\xml\bind\jaxb-api\2.2.12\jaxb-api-2.2.12.jar;C:\Users\koppo\.m2\repository\com\sun\xml\bind\jaxb-core\2.3.0.1\jaxb-core-2.3.0.1.jar;C:\Users\koppo\.m2\repository\com\sun\xml\bind\jaxb-impl\2.3.0.1\jaxb-impl-2.3.0.1.jar;C:\Users\koppo\.m2\repository\javax\activation\activation\1.1.1\activation-1.1.1.jar;C:\Users\koppo\.m2\repository\org\mockito\mockito-core\2.23.4\mockito-core-2.23.4.jar;C:\Users\koppo\.m2\repository\net\serenity-bdd\serenity-report-resources\2.0.40\serenity-report-resources-2.0.40.jar;C:\Users\koppo\.m2\repository\net\serenity-bdd\serenity-model\2.0.40\serenity-model-2.0.40.jar;C:\Users\koppo\.m2\repository\commons-net\commons-net\3.6\commons-net-3.6.jar;C:\Users\koppo\.m2\repository\org\apache\commons\commons-text\1.6\commons-text-1.6.jar;C:\Users\koppo\.m2\repository\net\serenity-bdd\serenity-reports\2.0.40\serenity-reports-2.0.40.jar;C:\Users\koppo\.m2\repository\net\serenity-bdd\serenity-stats\2.0.40\serenity-stats-2.0.40.jar;C:\Users\koppo\.m2\repository\org\jetbrains\kotlin\kotlin-stdlib\1.2.51\kotlin-stdlib-1.2.51.jar;C:\Users\koppo\.m2\repository\org\jetbrains\kotlin\kotlin-stdlib-common\1.2.51\kotlin-stdlib-common-1.2.51.jar;C:\Users\koppo\.m2\repository\org\jetbrains\annotations\13.0\annotations-13.0.jar;C:\Users\koppo\.m2\repository\com\google\code\gson\gson\2.8.4\gson-2.8.4.jar;C:\Users\koppo\.m2\repository\commons-io\commons-io\2.6\commons-io-2.6.jar;C:\Users\koppo\.m2\repository\org\seleniumhq\selenium\selenium-server\3.141.59\selenium-server-3.141.59.jar;C:\Users\koppo\.m2\repository\org\seleniumhq\selenium\selenium-firefox-driver\3.141.59\selenium-firefox-driver-3.141.59.jar;C:\Users\koppo\.m2\repository\org\seleniumhq\selenium\selenium-ie-driver\3.141.59\selenium-ie-driver-3.141.59.jar;C:\Users\koppo\.m2\repository\com\beust\jcommander\1.72\jcommander-1.72.jar;C:\Users\koppo\.m2\repository\org\apache\commons\commons-exec\1.3\commons-exec-1.3.jar;C:\Users\koppo\.m2\repository\net\jcip\jcip-annotations\1.0\jcip-annotations-1.0.jar;C:\Users\koppo\.m2\repository\org\seleniumhq\selenium\jetty-repacked\9.4.12.v20180830\jetty-repacked-9.4.12.v20180830.jar;C:\Users\koppo\.m2\repository\com\squareup\okhttp3\okhttp\3.11.0\okhttp-3.11.0.jar;C:\Users\koppo\.m2\repository\com\squareup\okio\okio\1.14.0\okio-1.14.0.jar;C:\Users\koppo\.m2\repository\javax\servlet\javax.servlet-api\3.1.0\javax.servlet-api-3.1.0.jar;C:\Users\koppo\.m2\repository\org\yaml\snakeyaml\1.19\snakeyaml-1.19.jar;C:\Users\koppo\.m2\repository\org\seleniumhq\selenium\selenium-java\3.141.59\selenium-java-3.141.59.jar;C:\Users\koppo\.m2\repository\org\seleniumhq\selenium\selenium-api\3.141.59\selenium-api-3.141.59.jar;C:\Users\koppo\.m2\repository\org\seleniumhq\selenium\selenium-chrome-driver\3.141.59\selenium-chrome-driver-3.141.59.jar;C:\Users\koppo\.m2\repository\org\seleniumhq\selenium\selenium-edge-driver\3.141.59\selenium-edge-driver-3.141.59.jar;C:\Users\koppo\.m2\repository\org\seleniumhq\selenium\selenium-remote-driver\3.141.59\selenium-remote-driver-3.141.59.jar;C:\Users\koppo\.m2\repository\org\seleniumhq\selenium\selenium-safari-driver\3.141.59\selenium-safari-driver-3.141.59.jar;C:\Users\koppo\.m2\repository\org\seleniumhq\selenium\selenium-opera-driver\3.141.59\selenium-opera-driver-3.141.59.jar;C:\Users\koppo\.m2\repository\org\seleniumhq\selenium\selenium-support\3.141.59\selenium-support-3.141.59.jar;C:\Users\koppo\.m2\repository\com\paulhammant\ngwebdriver\1.1.4\ngwebdriver-1.1.4.jar;C:\Users\koppo\.m2\repository\com\codeborne\phantomjsdriver\1.4.4\phantomjsdriver-1.4.4.jar;C:\Users\koppo\.m2\repository\org\eclipse\jetty\jetty-util\9.4.8.v20171121\jetty-util-9.4.8.v20171121.jar;C:\Users\koppo\.m2\repository\org\eclipse\jetty\jetty-io\9.4.8.v20171121\jetty-io-9.4.8.v20171121.jar;C:\Users\koppo\.m2\repository\org\seleniumhq\selenium\htmlunit-driver\2.33.1\htmlunit-driver-2.33.1.jar;C:\Users\koppo\.m2\repository\io\appium\java-client\6.1.0\java-client-6.1.0.jar;C:\Users\koppo\.m2\repository\commons-validator\commons-validator\1.6\commons-validator-1.6.jar;C:\Users\koppo\.m2\repository\commons-beanutils\commons-beanutils\1.9.2\commons-beanutils-1.9.2.jar;C:\Users\koppo\.m2\repository\commons-digester\commons-digester\1.8.1\commons-digester-1.8.1.jar;C:\Users\koppo\.m2\repository\org\springframework\spring-context\5.0.5.RELEASE\spring-context-5.0.5.RELEASE.jar;C:\Users\koppo\.m2\repository\org\springframework\spring-aop\5.0.5.RELEASE\spring-aop-5.0.5.RELEASE.jar;C:\Users\koppo\.m2\repository\org\springframework\spring-beans\5.0.5.RELEASE\spring-beans-5.0.5.RELEASE.jar;C:\Users\koppo\.m2\repository\org\springframework\spring-core\5.0.5.RELEASE\spring-core-5.0.5.RELEASE.jar;C:\Users\koppo\.m2\repository\org\springframework\spring-jcl\5.0.5.RELEASE\spring-jcl-5.0.5.RELEASE.jar;C:\Users\koppo\.m2\repository\org\springframework\spring-expression\5.0.5.RELEASE\spring-expression-5.0.5.RELEASE.jar;C:\Users\koppo\.m2\repository\org\aspectj\aspectjweaver\1.9.1\aspectjweaver-1.9.1.jar;C:\Users\koppo\.m2\repository\org\openpnp\opencv\3.2.0-1\opencv-3.2.0-1.jar;C:\Users\koppo\.m2\repository\org\glassfish\tyrus\tyrus-core\1.13.1\tyrus-core-1.13.1.jar;C:\Users\koppo\.m2\repository\org\glassfish\tyrus\tyrus-spi\1.13.1\tyrus-spi-1.13.1.jar;C:\Users\koppo\.m2\repository\javax\websocket\javax.websocket-api\1.1\javax.websocket-api-1.1.jar;C:\Users\koppo\.m2\repository\org\codehaus\groovy\groovy\2.5.5\groovy-2.5.5.jar;C:\Users\koppo\.m2\repository\net\sf\opencsv\opencsv\2.0\opencsv-2.0.jar;C:\Users\koppo\.m2\repository\commons-beanutils\commons-beanutils-core\1.8.3\commons-beanutils-core-1.8.3.jar;C:\Users\koppo\.m2\repository\joda-time\joda-time\2.7\joda-time-2.7.jar;C:\Users\koppo\.m2\repository\com\thoughtworks\xstream\xstream\1.4.9\xstream-1.4.9.jar;C:\Users\koppo\.m2\repository\xmlpull\xmlpull\1.1.3.1\xmlpull-1.1.3.1.jar;C:\Users\koppo\.m2\repository\xpp3\xpp3_min\1.1.4c\xpp3_min-1.1.4c.jar;C:\Users\koppo\.m2\repository\org\apache\commons\commons-lang3\3.8.1\commons-lang3-3.8.1.jar;C:\Users\koppo\.m2\repository\commons-collections\commons-collections\3.2.2\commons-collections-3.2.2.jar;C:\Users\koppo\.m2\repository\org\freemarker\freemarker\2.3.28\freemarker-2.3.28.jar;C:\Users\koppo\.m2\repository\net\sourceforge\jexcelapi\jxl\2.6.12\jxl-2.6.12.jar;C:\Users\koppo\.m2\repository\org\hamcrest\hamcrest-library\1.3\hamcrest-library-1.3.jar;C:\Users\koppo\.m2\repository\net\sourceforge\htmlunit\htmlunit\2.33\htmlunit-2.33.jar;C:\Users\koppo\.m2\repository\net\sourceforge\htmlunit\htmlunit-core-js\2.33\htmlunit-core-js-2.33.jar;C:\Users\koppo\.m2\repository\net\sourceforge\htmlunit\neko-htmlunit\2.33\neko-htmlunit-2.33.jar;C:\Users\koppo\.m2\repository\xerces\xercesImpl\2.12.0\xercesImpl-2.12.0.jar;C:\Users\koppo\.m2\repository\net\sourceforge\htmlunit\htmlunit-cssparser\1.2.0\htmlunit-cssparser-1.2.0.jar;C:\Users\koppo\.m2\repository\org\eclipse\jetty\websocket\websocket-client\9.4.12.v20180830\websocket-client-9.4.12.v20180830.jar;C:\Users\koppo\.m2\repository\org\eclipse\jetty\jetty-client\9.4.12.v20180830\jetty-client-9.4.12.v20180830.jar;C:\Users\koppo\.m2\repository\org\eclipse\jetty\jetty-http\9.4.12.v20180830\jetty-http-9.4.12.v20180830.jar;C:\Users\koppo\.m2\repository\org\eclipse\jetty\jetty-xml\9.4.12.v20180830\jetty-xml-9.4.12.v20180830.jar;C:\Users\koppo\.m2\repository\org\eclipse\jetty\websocket\websocket-common\9.4.12.v20180830\websocket-common-9.4.12.v20180830.jar;C:\Users\koppo\.m2\repository\org\eclipse\jetty\websocket\websocket-api\9.4.12.v20180830\websocket-api-9.4.12.v20180830.jar;C:\Users\koppo\.m2\repository\org\apache\httpcomponents\httpclient\4.5.5\httpclient-4.5.5.jar;C:\Users\koppo\.m2\repository\org\apache\httpcomponents\httpcore\4.4.9\httpcore-4.4.9.jar;C:\Users\koppo\.m2\repository\org\apache\httpcomponents\httpmime\4.5.5\httpmime-4.5.5.jar;C:\Users\koppo\.m2\repository\org\fluentlenium\fluentlenium-core\0.10.2\fluentlenium-core-0.10.2.jar;C:\Users\koppo\.m2\repository\com\jhlabs\filters\2.0.235\filters-2.0.235.jar;C:\Users\koppo\.m2\repository\org\asciidoctor\asciidoctorj\1.5.6\asciidoctorj-1.5.6.jar;C:\Users\koppo\.m2\repository\org\jruby\jruby-complete\1.7.26\jruby-complete-1.7.26.jar;C:\Users\koppo\.m2\repository\org\imgscalr\imgscalr-lib\4.2\imgscalr-lib-4.2.jar;C:\Users\koppo\.m2\repository\javax\el\javax.el-api\2.2.4\javax.el-api-2.2.4.jar;C:\Users\koppo\.m2\repository\org\glassfish\web\javax.el\2.2.4\javax.el-2.2.4.jar;C:\Users\koppo\.m2\repository\xalan\xalan\2.7.2\xalan-2.7.2.jar;C:\Users\koppo\.m2\repository\xalan\serializer\2.7.2\serializer-2.7.2.jar;C:\Users\koppo\.m2\repository\org\awaitility\awaitility\3.1.0\awaitility-3.1.0.jar;C:\Users\koppo\.m2\repository\com\typesafe\config\1.3.1\config-1.3.1.jar;C:\Users\koppo\.m2\repository\org\jsoup\jsoup\1.10.3\jsoup-1.10.3.jar;C:\Users\koppo\.m2\repository\com\google\jimfs\jimfs\1.1\jimfs-1.1.jar;C:\Users\koppo\.m2\repository\es\nitaur\markdown\txtmark\0.16\txtmark-0.16.jar;C:\Users\koppo\.m2\repository\com\vladsch\flexmark\flexmark-all\0.34.30\flexmark-all-0.34.30.jar;C:\Users\koppo\.m2\repository\com\vladsch\flexmark\flexmark\0.34.30\flexmark-0.34.30.jar;C:\Users\koppo\.m2\repository\com\vladsch\flexmark\flexmark-ext-abbreviation\0.34.30\flexmark-ext-abbreviation-0.34.30.jar;C:\Users\koppo\.m2\repository\com\vladsch\flexmark\flexmark-ext-admonition\0.34.30\flexmark-ext-admonition-0.34.30.jar;C:\Users\koppo\.m2\repository\com\vladsch\flexmark\flexmark-ext-anchorlink\0.34.30\flexmark-ext-anchorlink-0.34.30.jar;C:\Users\koppo\.m2\repository\com\vladsch\flexmark\flexmark-ext-aside\0.34.30\flexmark-ext-aside-0.34.30.jar;C:\Users\koppo\.m2\repository\com\vladsch\flexmark\flexmark-ext-attributes\0.34.30\flexmark-ext-attributes-0.34.30.jar;C:\Users\koppo\.m2\repository\com\vladsch\flexmark\flexmark-ext-autolink\0.34.30\flexmark-ext-autolink-0.34.30.jar;C:\Users\koppo\.m2\repository\org\nibor\autolink\autolink\0.6.0\autolink-0.6.0.jar;C:\Users\koppo\.m2\repository\com\vladsch\flexmark\flexmark-ext-definition\0.34.30\flexmark-ext-definition-0.34.30.jar;C:\Users\koppo\.m2\repository\com\vladsch\flexmark\flexmark-ext-emoji\0.34.30\flexmark-ext-emoji-0.34.30.jar;C:\Users\koppo\.m2\repository\com\vladsch\flexmark\flexmark-ext-enumerated-reference\0.34.30\flexmark-ext-enumerated-reference-0.34.30.jar;C:\Users\koppo\.m2\repository\com\vladsch\flexmark\flexmark-ext-escaped-character\0.34.30\flexmark-ext-escaped-character-0.34.30.jar;C:\Users\koppo\.m2\repository\com\vladsch\flexmark\flexmark-ext-footnotes\0.34.30\flexmark-ext-footnotes-0.34.30.jar;C:\Users\koppo\.m2\repository\com\vladsch\flexmark\flexmark-ext-gfm-issues\0.34.30\flexmark-ext-gfm-issues-0.34.30.jar;C:\Users\koppo\.m2\repository\com\vladsch\flexmark\flexmark-ext-gfm-strikethrough\0.34.30\flexmark-ext-gfm-strikethrough-0.34.30.jar;C:\Users\koppo\.m2\repository\com\vladsch\flexmark\flexmark-ext-gfm-tables\0.34.30\flexmark-ext-gfm-tables-0.34.30.jar;C:\Users\koppo\.m2\repository\com\vladsch\flexmark\flexmark-ext-gfm-tasklist\0.34.30\flexmark-ext-gfm-tasklist-0.34.30.jar;C:\Users\koppo\.m2\repository\com\vladsch\flexmark\flexmark-ext-gfm-users\0.34.30\flexmark-ext-gfm-users-0.34.30.jar;C:\Users\koppo\.m2\repository\com\vladsch\flexmark\flexmark-ext-gitlab\0.34.30\flexmark-ext-gitlab-0.34.30.jar;C:\Users\koppo\.m2\repository\com\vladsch\flexmark\flexmark-ext-jekyll-front-matter\0.34.30\flexmark-ext-jekyll-front-matter-0.34.30.jar;C:\Users\koppo\.m2\repository\com\vladsch\flexmark\flexmark-ext-jekyll-tag\0.34.30\flexmark-ext-jekyll-tag-0.34.30.jar;C:\Users\koppo\.m2\repository\com\vladsch\flexmark\flexmark-ext-media-tags\0.34.30\flexmark-ext-media-tags-0.34.30.jar;C:\Users\koppo\.m2\repository\com\vladsch\flexmark\flexmark-test-util\0.34.30\flexmark-test-util-0.34.30.jar;C:\Users\koppo\.m2\repository\com\vladsch\flexmark\flexmark-ext-ins\0.34.30\flexmark-ext-ins-0.34.30.jar;C:\Users\koppo\.m2\repository\com\vladsch\flexmark\flexmark-ext-xwiki-macros\0.34.30\flexmark-ext-xwiki-macros-0.34.30.jar;C:\Users\koppo\.m2\repository\com\vladsch\flexmark\flexmark-ext-superscript\0.34.30\flexmark-ext-superscript-0.34.30.jar;C:\Users\koppo\.m2\repository\com\vladsch\flexmark\flexmark-ext-tables\0.34.30\flexmark-ext-tables-0.34.30.jar;C:\Users\koppo\.m2\repository\com\vladsch\flexmark\flexmark-ext-toc\0.34.30\flexmark-ext-toc-0.34.30.jar;C:\Users\koppo\.m2\repository\com\vladsch\flexmark\flexmark-ext-typographic\0.34.30\flexmark-ext-typographic-0.34.30.jar;C:\Users\koppo\.m2\repository\com\vladsch\flexmark\flexmark-ext-wikilink\0.34.30\flexmark-ext-wikilink-0.34.30.jar;C:\Users\koppo\.m2\repository\com\vladsch\flexmark\flexmark-ext-yaml-front-matter\0.34.30\flexmark-ext-yaml-front-matter-0.34.30.jar;C:\Users\koppo\.m2\repository\com\vladsch\flexmark\flexmark-ext-youtube-embedded\0.34.30\flexmark-ext-youtube-embedded-0.34.30.jar;C:\Users\koppo\.m2\repository\com\vladsch\flexmark\flexmark-formatter\0.34.30\flexmark-formatter-0.34.30.jar;C:\Users\koppo\.m2\repository\com\vladsch\flexmark\flexmark-html-parser\0.34.30\flexmark-html-parser-0.34.30.jar;C:\Users\koppo\.m2\repository\com\vladsch\flexmark\flexmark-jira-converter\0.34.30\flexmark-jira-converter-0.34.30.jar;C:\Users\koppo\.m2\repository\com\vladsch\flexmark\flexmark-pdf-converter\0.34.30\flexmark-pdf-converter-0.34.30.jar;C:\Users\koppo\.m2\repository\com\openhtmltopdf\openhtmltopdf-core\0.0.1-RC13\openhtmltopdf-core-0.0.1-RC13.jar;C:\Users\koppo\.m2\repository\com\openhtmltopdf\openhtmltopdf-pdfbox\0.0.1-RC13\openhtmltopdf-pdfbox-0.0.1-RC13.jar;C:\Users\koppo\.m2\repository\org\apache\pdfbox\pdfbox\2.0.8\pdfbox-2.0.8.jar;C:\Users\koppo\.m2\repository\org\apache\pdfbox\fontbox\2.0.8\fontbox-2.0.8.jar;C:\Users\koppo\.m2\repository\org\apache\pdfbox\xmpbox\2.0.8\xmpbox-2.0.8.jar;C:\Users\koppo\.m2\repository\de\rototor\pdfbox\graphics2d\0.12\graphics2d-0.12.jar;C:\Users\koppo\.m2\repository\com\openhtmltopdf\openhtmltopdf-rtl-support\0.0.1-RC13\openhtmltopdf-rtl-support-0.0.1-RC13.jar;C:\Users\koppo\.m2\repository\com\ibm\icu\icu4j\59.1\icu4j-59.1.jar;C:\Users\koppo\.m2\repository\com\openhtmltopdf\openhtmltopdf-jsoup-dom-converter\0.0.1-RC13\openhtmltopdf-jsoup-dom-converter-0.0.1-RC13.jar;C:\Users\koppo\.m2\repository\com\vladsch\flexmark\flexmark-profile-pegdown\0.34.30\flexmark-profile-pegdown-0.34.30.jar;C:\Users\koppo\.m2\repository\com\vladsch\flexmark\flexmark-util\0.34.30\flexmark-util-0.34.30.jar;C:\Users\koppo\.m2\repository\com\vladsch\flexmark\flexmark-youtrack-converter\0.34.30\flexmark-youtrack-converter-0.34.30.jar;C:\Users\koppo\.m2\repository\net\serenity-bdd\serenity-junit\2.0.40\serenity-junit-2.0.40.jar;C:\Users\koppo\.m2\repository\net\serenity-bdd\serenity-cucumber\1.9.31\serenity-cucumber-1.9.31.jar;C:\Users\koppo\.m2\repository\net\serenity-bdd\serenity-screenplay\2.0.40\serenity-screenplay-2.0.40.jar;C:\Users\koppo\.m2\repository\uk\com\robust-it\cloning\1.9.10\cloning-1.9.10.jar;C:\Users\koppo\.m2\repository\net\serenity-bdd\serenity-screenplay-webdriver\2.0.40\serenity-screenplay-webdriver-2.0.40.jar;C:\Users\koppo\.m2\repository\io\cucumber\cucumber-java\2.4.0\cucumber-java-2.4.0.jar;C:\Users\koppo\.m2\repository\io\cucumber\cucumber-junit\2.4.0\cucumber-junit-2.4.0.jar;C:\Users\koppo\.m2\repository\org\apache\commons\commons-csv\1.5\commons-csv-1.5.jar;C:\Users\koppo\.m2\repository\org\slf4j\slf4j-api\1.7.6\slf4j-api-1.7.6.jar;C:\Users\koppo\.m2\repository\org\slf4j\slf4j-log4j12\1.7.5\slf4j-log4j12-1.7.5.jar;C:\Users\koppo\.m2\repository\log4j\log4j\1.2.17\log4j-1.2.17.jar;C:\Users\koppo\.m2\repository\io-rest-assured\rest-assured\3.3.0\rest-assured-3.3.0.jar;C:\Users\koppo\.m2\repository\net\serenity-bdd\serenity-rest-assured\2.0.40\serenity-rest-assured-2.0.40.jar;C:\Users\koppo\.m2\repository\io\rest-assured\rest-assured\3.3.0\rest-assured-3.3.0.jar;C:\Users\koppo\.m2\repository\org\ccil\cowan\tagsoup\tagsoup\1.2.1\tagsoup-1.2.1.jar;C:\Users\koppo\.m2\repository\io\rest-assured\json-path\3.3.0\json-path-3.3.0.jar;C:\Users\koppo\.m2\repository\io\rest-assured\rest-assured-common\3.3.0\rest-assured-common-3.3.0.jar;C:\Users\koppo\.m2\repository\io\rest-assured\xml-path\3.3.0\xml-path-3.3.0.jar;C:\Users\koppo\.m2\repository\com\sun\xml\bind\jaxb-osgi\2.2.10\jaxb-osgi-2.2.10.jar;C:\Users\koppo\.m2\repository\org\apache\sling\org.apache.sling.javax.activation\0.1.0\org.apache.sling.javax.activation-0.1.0.jar;C:\Users\koppo\.m2\repository\org\codehaus\groovy\groovy-xml\2.5.5\groovy-xml-2.5.5.jar;C:\Users\koppo\.m2\repository\org\codehaus\groovy\groovy-json\2.5.5\groovy-json-2.5.5.jar;C:\Users\koppo\.m2\repository\com\googlecode\json-simple\json-simple\1.1.1\json-simple-1.1.1.jar;"/>
    <property name="sun.cpu.endian" value="little"/>
    <property name="user.home" value="C:\Users\koppo"/>
    <property name="user.language" value="en"/>
    <property name="java.specification.vendor" value="Oracle Corporation"/>
    <property name="java.home" value="C:\Program Files\Java\jdk1.8.0_202\jre"/>
    <property name="basedir" value="C:\Users\koppo\labcorpmock\demo"/>
    <property name="file.separator" value="\"/>
    <property name="line.separator" value="&#10;"/>
    <property name="java.vm.specification.vendor" value="Oracle Corporation"/>
    <property name="java.specification.name" value="Java Platform API Specification"/>
    <property name="java.awt.graphicsenv" value="sun.awt.Win32GraphicsEnvironment"/>
    <property name="surefire.real.class.path" value="C:\Users\koppo\AppData\Local\Temp\surefire2847105138035369951\surefirebooter8382533507973081162.jar"/>
    <property name="sun.boot.class.path" value="C:\Program Files\Java\jdk1.8.0_202\jre\lib\resources.jar;C:\Program Files\Java\jdk1.8.0_202\jre\lib\rt.jar;C:\Program Files\Java\jdk1.8.0_202\jre\lib\sunrsasign.jar;C:\Program Files\Java\jdk1.8.0_202\jre\lib\jsse.jar;C:\Program Files\Java\jdk1.8.0_202\jre\lib\jce.jar;C:\Program Files\Java\jdk1.8.0_202\jre\lib\charsets.jar;C:\Program Files\Java\jdk1.8.0_202\jre\lib\jfr.jar;C:\Program Files\Java\jdk1.8.0_202\jre\classes"/>
    <property name="user.script" value=""/>
    <property name="sun.management.compiler" value="HotSpot 64-Bit Tiered Compilers"/>
    <property name="java.runtime.version" value="1.8.0_202-b08"/>
    <property name="user.name" value="koppo"/>
    <property name="path.separator" value=";"/>
    <property name="os.version" value="10.0"/>
    <property name="java.endorsed.dirs" value="C:\Program Files\Java\jdk1.8.0_202\jre\lib\endorsed"/>
    <property name="java.runtime.name" value="Java(TM) SE Runtime Environment"/>
    <property name="file.encoding" value="Cp1252"/>
    <property name="webdriver.base.url" value=""/>
    <property name="java.vm.name" value="Java HotSpot(TM) 64-Bit Server VM"/>
    <property name="localRepository" value="C:\Users\koppo\.m2\repository"/>
    <property name="cucumber.options" value="--tags &apos;@post,@get&apos;"/>
    <property name="java.vendor.url.bug" value="http://bugreport.sun.com/bugreport/"/>
    <property name="java.io.tmpdir" value="C:\Users\koppo\AppData\Local\Temp\"/>
    <property name="java.version" value="1.8.0_202"/>
    <property name="user.dir" value="C:\Users\koppo\labcorpmock\demo"/>
    <property name="os.arch" value="amd64"/>
    <property name="java.vm.specification.name" value="Java Virtual Machine Specification"/>
    <property name="java.awt.printerjob" value="sun.awt.windows.WPrinterJob"/>
    <property name="sun.os.patch.level" value=""/>
    <property name="java.library.path" value="C:\Program Files\Java\jdk1.8.0_202\jre\bin;C:\WINDOWS\Sun\Java\bin;C:\WINDOWS\system32;C:\WINDOWS;C:/Users/koppo/.p2/pool/plugins/org.eclipse.justj.openjdk.hotspot.jre.full.win32.x86_64_17.0.4.v20220805-1047/jre/bin/server;C:/Users/koppo/.p2/pool/plugins/org.eclipse.justj.openjdk.hotspot.jre.full.win32.x86_64_17.0.4.v20220805-1047/jre/bin;C:\Program Files (x86)\Common Files\Oracle\Java\javapath;C:\WINDOWS\system32;C:\WINDOWS;C:\WINDOWS\System32\Wbem;C:\WINDOWS\System32\WindowsPowerShell\v1.0\;C:\WINDOWS\System32\OpenSSH\;C:\Program Files\Intel\WiFi\bin\;C:\Program Files\Common Files\Intel\WirelessCommon\;C:\Program Files\Git\cmd;C:\Program Files\Java\jdk1.8.0_202\bin;C:\Users\koppo\apache-maven-3.8.6-bin\apache-maven-3.8.6\bin;C:\Users\koppo\AppData\Local\Microsoft\WindowsApps;;C:\Users\koppo\AppData\Local\Programs\Microsoft VS Code\bin;C:\WINDOWS\system32;;."/>
    <property name="java.vm.info" value="mixed mode"/>
    <property name="java.vendor" value="Oracle Corporation"/>
    <property name="java.vm.version" value="25.202-b08"/>
    <property name="java.ext.dirs" value="C:\Program Files\Java\jdk1.8.0_202\jre\lib\ext;C:\WINDOWS\Sun\Java\lib\ext"/>
    <property name="sun.io.unicode.encoding" value="UnicodeLittle"/>
    <property name="java.class.version" value="52.0"/>
  </properties>
  <testcase name="API validation of POST call" classname="labcorp mock test for API Validation" time="6.826"/>
  <testcase name="API validation of GET call" classname="labcorp mock test for API Validation" time="1.018">
    <failure message="1 expectation failed.&#10;JSON path x[98].createdAt doesn&apos;t match.&#10;Expected: 265&#10;  Actual: null&#10;" type="java.lang.AssertionError">java.lang.AssertionError: 
1 expectation failed.
JSON path x[98].createdAt doesn't match.
Expected: 265
  Actual: null

</failure>
    <system-out><![CDATA[get response [{"createdAt":1631825833,"employee_firstname":"TestData12345","employee_lastname":"TestData12345","employee_phonenumbe":"264-783-9453","ademployee_emaildress":"ademployee_emaildress 1","citemployee_addressy":"citemployee_addressy 1","stateemployee_dev_level":"stateemployee_dev_level 1","employee_gender":"employee_gender 1","employee_hire_date":"2025-10-31T16:35:45.426Z","employee_onleave":true,"tech_stack":[],"project":[],"id":"53"},{"createdAt":1631825833,"employee_firstname":"TestData12345","employee_lastname":"TestData12345","employee_phonenumbe":"264-783-9453","ademployee_emaildress":"ademployee_emaildress 1","citemployee_addressy":"citemployee_addressy 1","stateemployee_dev_level":"stateemployee_dev_level 1","employee_gender":"employee_gender 1","employee_hire_date":"2025-10-31T16:35:45.426Z","employee_onleave":true,"tech_stack":[],"project":[],"id":"57"},{"createdAt":1631825833,"employee_firstname":"TestData12345","employee_lastname":"TestData12345","employee_phonenumbe":"264-783-9453","ademployee_emaildress":"ademployee_emaildress 1","citemployee_addressy":"citemployee_addressy 1","stateemployee_dev_level":"stateemployee_dev_level 1","employee_gender":"employee_gender 1","employee_hire_date":"2025-10-31T16:35:45.426Z","employee_onleave":true,"tech_stack":[],"project":[],"id":"59"},{"createdAt":1631825833,"employee_firstname":"TestData12345","employee_lastname":"TestData12345","employee_phonenumbe":"264-783-9453","ademployee_emaildress":"ademployee_emaildress 1","citemployee_addressy":"citemployee_addressy 1","stateemployee_dev_level":"stateemployee_dev_level 1","employee_gender":"employee_gender 1","employee_hire_date":"2025-10-31T16:35:45.426Z","employee_onleave":true,"tech_stack":[],"project":[],"id":"60"},{"createdAt":1648596568,"employee_firstname":"employee_firstname 151","employee_lastname":"employee_lastname 151","employee_phonenumbe":"589-846-8924","ademployee_emaildress":"ademployee_emaildress 151","citemployee_addressy":"citemployee_addressy 151","stateemployee_dev_level":"stateemployee_dev_level 151","employee_gender":"employee_gender 151","employee_hire_date":"1994-01-26T10:30:22.230Z","employee_onleave":false,"tech_stack":[],"project":[],"id":"151"},{"createdAt":1648596516,"employee_firstname":"employee_firstname 152","employee_lastname":"employee_lastname 152","employee_phonenumbe":"235-407-7405","ademployee_emaildress":"ademployee_emaildress 152","citemployee_addressy":"citemployee_addressy 152","stateemployee_dev_level":"stateemployee_dev_level 152","employee_gender":"employee_gender 152","employee_hire_date":"2027-08-16T20:51:03.897Z","employee_onleave":false,"tech_stack":[],"project":[],"id":"152"},{"createdAt":1648597442,"employee_firstname":"employee_firstname 153","employee_lastname":"employee_lastname 153","employee_phonenumbe":"875-908-7279","ademployee_emaildress":"ademployee_emaildress 153","citemployee_addressy":"citemployee_addressy 153","stateemployee_dev_level":"stateemployee_dev_level 153","employee_gender":"employee_gender 153","employee_hire_date":"2023-07-04T00:24:56.383Z","employee_onleave":false,"tech_stack":[],"project":[],"id":"153"},{"createdAt":1648597812,"employee_firstname":"employee_firstname 154","employee_lastname":"employee_lastname 154","employee_phonenumbe":"487-548-5895","ademployee_emaildress":"ademployee_emaildress 154","citemployee_addressy":"citemployee_addressy 154","stateemployee_dev_level":"stateemployee_dev_level 154","employee_gender":"employee_gender 154","employee_hire_date":"2005-10-07T10:12:33.987Z","employee_onleave":false,"tech_stack":[],"project":[],"id":"154"},{"createdAt":1648597894,"employee_firstname":"employee_firstname 155","employee_lastname":"employee_lastname 155","employee_phonenumbe":"574-270-2823","ademployee_emaildress":"ademployee_emaildress 155","citemployee_addressy":"citemployee_addressy 155","stateemployee_dev_level":"stateemployee_dev_level 155","employee_gender":"employee_gender 155","employee_hire_date":"2090-12-19T03:56:22.897Z","employee_onleave":false,"tech_stack":[],"project":[],"id":"155"},{"createdAt":1648597887,"employee_firstname":"employee_firstname 156","employee_lastname":"employee_lastname 156","employee_phonenumbe":"349-625-0313","ademployee_emaildress":"ademployee_emaildress 156","citemployee_addressy":"citemployee_addressy 156","stateemployee_dev_level":"stateemployee_dev_level 156","employee_gender":"employee_gender 156","employee_hire_date":"2082-12-13T08:25:46.229Z","employee_onleave":false,"tech_stack":[],"project":[],"id":"156"},{"createdAt":1648598583,"employee_firstname":"employee_firstname 157","employee_lastname":"employee_lastname 157","employee_phonenumbe":"283-281-3204","ademployee_emaildress":"ademployee_emaildress 157","citemployee_addressy":"citemployee_addressy 157","stateemployee_dev_level":"stateemployee_dev_level 157","employee_gender":"employee_gender 157","employee_hire_date":"2039-10-02T20:53:04.834Z","employee_onleave":false,"tech_stack":[],"project":[],"id":"157"},{"createdAt":1648598602,"employee_firstname":"employee_firstname 158","employee_lastname":"employee_lastname 158","employee_phonenumbe":"384-913-3198","ademployee_emaildress":"ademployee_emaildress 158","citemployee_addressy":"citemployee_addressy 158","stateemployee_dev_level":"stateemployee_dev_level 158","employee_gender":"employee_gender 158","employee_hire_date":"2016-07-13T10:43:39.479Z","employee_onleave":false,"tech_stack":[],"project":[],"id":"158"},{"createdAt":1648598578,"employee_firstname":"employee_firstname 159","employee_lastname":"employee_lastname 159","employee_phonenumbe":"598-604-5208","ademployee_emaildress":"ademployee_emaildress 159","citemployee_addressy":"citemployee_addressy 159","stateemployee_dev_level":"stateemployee_dev_level 159","employee_gender":"employee_gender 159","employee_hire_date":"2030-02-10T22:55:30.808Z","employee_onleave":false,"tech_stack":[],"project":[],"id":"159"},{"createdAt":1648598607,"employee_firstname":"employee_firstname 160","employee_lastname":"employee_lastname 160","employee_phonenumbe":"792-286-5290","ademployee_emaildress":"ademployee_emaildress 160","citemployee_addressy":"citemployee_addressy 160","stateemployee_dev_level":"stateemployee_dev_level 160","employee_gender":"employee_gender 160","employee_hire_date":"2024-07-12T20:29:28.569Z","employee_onleave":false,"tech_stack":[],"project":[],"id":"160"},{"createdAt":1648599249,"employee_firstname":"employee_firstname 161","employee_lastname":"employee_lastname 161","employee_phonenumbe":"744-923-0440","ademployee_emaildress":"ademployee_emaildress 161","citemployee_addressy":"citemployee_addressy 161","stateemployee_dev_level":"stateemployee_dev_level 161","employee_gender":"employee_gender 161","employee_hire_date":"2080-06-23T14:24:04.847Z","employee_onleave":false,"tech_stack":[],"project":[],"id":"161"},{"createdAt":1648599492,"employee_firstname":"employee_firstname 162","employee_lastname":"employee_lastname 162","employee_phonenumbe":"247-986-4880","ademployee_emaildress":"ademployee_emaildress 162","citemployee_addressy":"citemployee_addressy 162","stateemployee_dev_level":"stateemployee_dev_level 162","employee_gender":"employee_gender 162","employee_hire_date":"1998-10-07T08:17:34.100Z","employee_onleave":false,"tech_stack":[],"project":[],"id":"162"},{"createdAt":1648599498,"employee_firstname":"employee_firstname 163","employee_lastname":"employee_lastname 163","employee_phonenumbe":"394-958-9482","ademployee_emaildress":"ademployee_emaildress 163","citemployee_addressy":"citemployee_addressy 163","stateemployee_dev_level":"stateemployee_dev_level 163","employee_gender":"employee_gender 163","employee_hire_date":"2090-07-16T23:39:59.378Z","employee_onleave":false,"tech_stack":[],"project":[],"id":"163"},{"createdAt":1648599497,"employee_firstname":"employee_firstname 164","employee_lastname":"employee_lastname 164","employee_phonenumbe":"205-690-8334","ademployee_emaildress":"ademployee_emaildress 164","citemployee_addressy":"citemployee_addressy 164","stateemployee_dev_level":"stateemployee_dev_level 164","employee_gender":"employee_gender 164","employee_hire_date":"2084-06-25T11:32:14.930Z","employee_onleave":false,"tech_stack":[],"project":[],"id":"164"},{"createdAt":1648600736,"employee_firstname":"employee_firstname 165","employee_lastname":"employee_lastname 165","employee_phonenumbe":"374-430-9226","ademployee_emaildress":"ademployee_emaildress 165","citemployee_addressy":"citemployee_addressy 165","stateemployee_dev_level":"stateemployee_dev_level 165","employee_gender":"employee_gender 165","employee_hire_date":"2015-03-22T02:29:43.245Z","employee_onleave":false,"tech_stack":[],"project":[],"id":"165"},{"createdAt":1648600741,"employee_firstname":"employee_firstname 166","employee_lastname":"employee_lastname 166","employee_phonenumbe":"932-918-1342","ademployee_emaildress":"ademployee_emaildress 166","citemployee_addressy":"citemployee_addressy 166","stateemployee_dev_level":"stateemployee_dev_level 166","employee_gender":"employee_gender 166","employee_hire_date":"2080-12-06T14:28:10.414Z","employee_onleave":false,"tech_stack":[],"project":[],"id":"166"},{"createdAt":1648600751,"employee_firstname":"employee_firstname 167","employee_lastname":"employee_lastname 167","employee_phonenumbe":"658-678-0446","ademployee_emaildress":"ademployee_emaildress 167","citemployee_addressy":"citemployee_addressy 167","stateemployee_dev_level":"stateemployee_dev_level 167","employee_gender":"employee_gender 167","employee_hire_date":"2078-08-29T22:24:20.160Z","employee_onleave":false,"tech_stack":[],"project":[],"id":"167"},{"createdAt":1648600740,"employee_firstname":"employee_firstname 168","employee_lastname":"employee_lastname 168","employee_phonenumbe":"963-771-5953","ademployee_emaildress":"ademployee_emaildress 168","citemployee_addressy":"citemployee_addressy 168","stateemployee_dev_level":"stateemployee_dev_level 168","employee_gender":"employee_gender 168","employee_hire_date":"2047-01-18T09:23:55.687Z","employee_onleave":false,"tech_stack":[],"project":[],"id":"168"},{"createdAt":1648600891,"employee_firstname":"employee_firstname 169","employee_lastname":"employee_lastname 169","employee_phonenumbe":"335-707-5749","ademployee_emaildress":"ademployee_emaildress 169","citemployee_addressy":"citemployee_addressy 169","stateemployee_dev_level":"stateemployee_dev_level 169","employee_gender":"employee_gender 169","employee_hire_date":"1998-08-17T19:15:51.876Z","employee_onleave":false,"tech_stack":[],"project":[],"id":"169"},{"createdAt":1648600881,"employee_firstname":"employee_firstname 170","employee_lastname":"employee_lastname 170","employee_phonenumbe":"584-499-9489","ademployee_emaildress":"ademployee_emaildress 170","citemployee_addressy":"citemployee_addressy 170","stateemployee_dev_level":"stateemployee_dev_level 170","employee_gender":"employee_gender 170","employee_hire_date":"2027-09-13T09:06:19.374Z","employee_onleave":false,"tech_stack":[],"project":[],"id":"170"},{"createdAt":1648600867,"employee_firstname":"employee_firstname 171","employee_lastname":"employee_lastname 171","employee_phonenumbe":"282-438-2173","ademployee_emaildress":"ademployee_emaildress 171","citemployee_addressy":"citemployee_addressy 171","stateemployee_dev_level":"stateemployee_dev_level 171","employee_gender":"employee_gender 171","employee_hire_date":"2093-05-24T14:52:59.843Z","employee_onleave":false,"tech_stack":[],"project":[],"id":"171"},{"createdAt":1648600833,"employee_firstname":"employee_firstname 172","employee_lastname":"employee_lastname 172","employee_phonenumbe":"473-507-8950","ademployee_emaildress":"ademployee_emaildress 172","citemployee_addressy":"citemployee_addressy 172","stateemployee_dev_level":"stateemployee_dev_level 172","employee_gender":"employee_gender 172","employee_hire_date":"2082-07-19T00:45:01.826Z","employee_onleave":false,"tech_stack":[],"project":[],"id":"172"},{"createdAt":1648600858,"employee_firstname":"employee_firstname 173","employee_lastname":"employee_lastname 173","employee_phonenumbe":"772-522-1478","ademployee_emaildress":"ademployee_emaildress 173","citemployee_addressy":"citemployee_addressy 173","stateemployee_dev_level":"stateemployee_dev_level 173","employee_gender":"employee_gender 173","employee_hire_date":"1993-09-01T07:12:01.532Z","employee_onleave":false,"tech_stack":[],"project":[],"id":"173"},{"createdAt":1648600852,"employee_firstname":"employee_firstname 174","employee_lastname":"employee_lastname 174","employee_phonenumbe":"304-650-3702","ademployee_emaildress":"ademployee_emaildress 174","citemployee_addressy":"citemployee_addressy 174","stateemployee_dev_level":"stateemployee_dev_level 174","employee_gender":"employee_gender 174","employee_hire_date":"1991-01-18T03:11:30.222Z","employee_onleave":false,"tech_stack":[],"project":[],"id":"174"},{"createdAt":1648600871,"employee_firstname":"employee_firstname 175","employee_lastname":"employee_lastname 175","employee_phonenumbe":"394-790-3684","ademployee_emaildress":"ademployee_emaildress 175","citemployee_addressy":"citemployee_addressy 175","stateemployee_dev_level":"stateemployee_dev_level 175","employee_gender":"employee_gender 175","employee_hire_date":"2075-07-11T00:35:02.588Z","employee_onleave":false,"tech_stack":[],"project":[],"id":"175"},{"createdAt":1648600955,"employee_firstname":"employee_firstname 176","employee_lastname":"employee_lastname 176","employee_phonenumbe":"306-200-4706","ademployee_emaildress":"ademployee_emaildress 176","citemployee_addressy":"citemployee_addressy 176","stateemployee_dev_level":"stateemployee_dev_level 176","employee_gender":"employee_gender 176","employee_hire_date":"2090-06-11T06:23:36.959Z","employee_onleave":false,"tech_stack":[],"project":[],"id":"176"},{"createdAt":1648600976,"employee_firstname":"employee_firstname 177","employee_lastname":"employee_lastname 177","employee_phonenumbe":"862-708-6556","ademployee_emaildress":"ademployee_emaildress 177","citemployee_addressy":"citemployee_addressy 177","stateemployee_dev_level":"stateemployee_dev_level 177","employee_gender":"employee_gender 177","employee_hire_date":"2068-05-08T02:05:30.466Z","employee_onleave":false,"tech_stack":[],"project":[],"id":"177"},{"createdAt":1648600953,"employee_firstname":"employee_firstname 178","employee_lastname":"employee_lastname 178","employee_phonenumbe":"840-441-5798","ademployee_emaildress":"ademployee_emaildress 178","citemployee_addressy":"citemployee_addressy 178","stateemployee_dev_level":"stateemployee_dev_level 178","employee_gender":"employee_gender 178","employee_hire_date":"2026-03-27T08:58:06.828Z","employee_onleave":false,"tech_stack":[],"project":[],"id":"178"},{"createdAt":1648602000,"employee_firstname":"employee_firstname 179","employee_lastname":"employee_lastname 179","employee_phonenumbe":"251-692-7144","ademployee_emaildress":"ademployee_emaildress 179","citemployee_addressy":"citemployee_addressy 179","stateemployee_dev_level":"stateemployee_dev_level 179","employee_gender":"employee_gender 179","employee_hire_date":"2083-09-21T14:04:31.661Z","employee_onleave":false,"tech_stack":[],"project":[],"id":"179"},{"createdAt":1648601995,"employee_firstname":"employee_firstname 180","employee_lastname":"employee_lastname 180","employee_phonenumbe":"985-998-4702","ademployee_emaildress":"ademployee_emaildress 180","citemployee_addressy":"citemployee_addressy 180","stateemployee_dev_level":"stateemployee_dev_level 180","employee_gender":"employee_gender 180","employee_hire_date":"2019-04-16T19:47:12.138Z","employee_onleave":false,"tech_stack":[],"project":[],"id":"180"},{"createdAt":1648602098,"employee_firstname":"employee_firstname 181","employee_lastname":"employee_lastname 181","employee_phonenumbe":"205-397-2252","ademployee_emaildress":"ademployee_emaildress 181","citemployee_addressy":"citemployee_addressy 181","stateemployee_dev_level":"stateemployee_dev_level 181","employee_gender":"employee_gender 181","employee_hire_date":"2017-07-27T07:44:52.132Z","employee_onleave":false,"tech_stack":[],"project":[],"id":"181"},{"createdAt":1648602133,"employee_firstname":"employee_firstname 182","employee_lastname":"employee_lastname 182","employee_phonenumbe":"645-539-7966","ademployee_emaildress":"ademployee_emaildress 182","citemployee_addressy":"citemployee_addressy 182","stateemployee_dev_level":"stateemployee_dev_level 182","employee_gender":"employee_gender 182","employee_hire_date":"2006-11-04T06:15:03.275Z","employee_onleave":false,"tech_stack":[],"project":[],"id":"182"},{"createdAt":1648602073,"employee_firstname":"employee_firstname 183","employee_lastname":"employee_lastname 183","employee_phonenumbe":"807-476-3687","ademployee_emaildress":"ademployee_emaildress 183","citemployee_addressy":"citemployee_addressy 183","stateemployee_dev_level":"stateemployee_dev_level 183","employee_gender":"employee_gender 183","employee_hire_date":"1990-05-28T22:39:03.767Z","employee_onleave":false,"tech_stack":[],"project":[],"id":"183"},{"createdAt":1648602014,"employee_firstname":"employee_firstname 184","employee_lastname":"employee_lastname 184","employee_phonenumbe":"418-789-2880","ademployee_emaildress":"ademployee_emaildress 184","citemployee_addressy":"citemployee_addressy 184","stateemployee_dev_level":"stateemployee_dev_level 184","employee_gender":"employee_gender 184","employee_hire_date":"2028-02-03T07:46:22.702Z","employee_onleave":false,"tech_stack":[],"project":[],"id":"184"},{"createdAt":1648602083,"employee_firstname":"employee_firstname 185","employee_lastname":"employee_lastname 185","employee_phonenumbe":"918-953-2840","ademployee_emaildress":"ademployee_emaildress 185","citemployee_addressy":"citemployee_addressy 185","stateemployee_dev_level":"stateemployee_dev_level 185","employee_gender":"employee_gender 185","employee_hire_date":"2032-10-29T11:52:04.356Z","employee_onleave":false,"tech_stack":[],"project":[],"id":"185"},{"createdAt":1648602024,"employee_firstname":"employee_firstname 186","employee_lastname":"employee_lastname 186","employee_phonenumbe":"497-501-0281","ademployee_emaildress":"ademployee_emaildress 186","citemployee_addressy":"citemployee_addressy 186","stateemployee_dev_level":"stateemployee_dev_level 186","employee_gender":"employee_gender 186","employee_hire_date":"2044-01-19T05:46:56.954Z","employee_onleave":false,"tech_stack":[],"project":[],"id":"186"},{"createdAt":1648601965,"employee_firstname":"employee_firstname 187","employee_lastname":"employee_lastname 187","employee_phonenumbe":"272-745-6183","ademployee_emaildress":"ademployee_emaildress 187","citemployee_addressy":"citemployee_addressy 187","stateemployee_dev_level":"stateemployee_dev_level 187","employee_gender":"employee_gender 187","employee_hire_date":"2002-01-29T07:14:32.816Z","employee_onleave":false,"tech_stack":[],"project":[],"id":"187"},{"createdAt":1648627367,"employee_firstname":"employee_firstname 188","employee_lastname":"employee_lastname 188","employee_phonenumbe":"709-367-6548","ademployee_emaildress":"ademployee_emaildress 188","citemployee_addressy":"citemployee_addressy 188","stateemployee_dev_level":"stateemployee_dev_level 188","employee_gender":"employee_gender 188","employee_hire_date":"2078-07-19T05:14:55.523Z","employee_onleave":false,"tech_stack":[],"project":[],"id":"188"},{"createdAt":1648627443,"employee_firstname":"employee_firstname 189","employee_lastname":"employee_lastname 189","employee_phonenumbe":"395-223-8025","ademployee_emaildress":"ademployee_emaildress 189","citemployee_addressy":"citemployee_addressy 189","stateemployee_dev_level":"stateemployee_dev_level 189","employee_gender":"employee_gender 189","employee_hire_date":"2034-11-13T16:31:10.060Z","employee_onleave":false,"tech_stack":[],"project":[],"id":"189"},{"createdAt":1648627614,"employee_firstname":"employee_firstname 190","employee_lastname":"employee_lastname 190","employee_phonenumbe":"549-883-7884","ademployee_emaildress":"ademployee_emaildress 190","citemployee_addressy":"citemployee_addressy 190","stateemployee_dev_level":"stateemployee_dev_level 190","employee_gender":"employee_gender 190","employee_hire_date":"2010-05-13T05:53:07.743Z","employee_onleave":false,"tech_stack":[],"project":[],"id":"190"},{"createdAt":1648627935,"employee_firstname":"employee_firstname 191","employee_lastname":"employee_lastname 191","employee_phonenumbe":"335-504-7158","ademployee_emaildress":"ademployee_emaildress 191","citemployee_addressy":"citemployee_addressy 191","stateemployee_dev_level":"stateemployee_dev_level 191","employee_gender":"employee_gender 191","employee_hire_date":"1991-09-10T20:41:11.318Z","employee_onleave":false,"tech_stack":[],"project":[],"id":"191"},{"createdAt":1648628004,"employee_firstname":"employee_firstname 192","employee_lastname":"employee_lastname 192","employee_phonenumbe":"410-481-5816","ademployee_emaildress":"ademployee_emaildress 192","citemployee_addressy":"citemployee_addressy 192","stateemployee_dev_level":"stateemployee_dev_level 192","employee_gender":"employee_gender 192","employee_hire_date":"2086-07-08T11:56:56.695Z","employee_onleave":false,"tech_stack":[],"project":[],"id":"192"},{"createdAt":1648628011,"employee_firstname":"employee_firstname 193","employee_lastname":"employee_lastname 193","employee_phonenumbe":"879-971-0336","ademployee_emaildress":"ademployee_emaildress 193","citemployee_addressy":"citemployee_addressy 193","stateemployee_dev_level":"stateemployee_dev_level 193","employee_gender":"employee_gender 193","employee_hire_date":"2075-07-04T13:48:49.646Z","employee_onleave":false,"tech_stack":[],"project":[],"id":"193"},{"createdAt":1648628035,"employee_firstname":"employee_firstname 194","employee_lastname":"employee_lastname 194","employee_phonenumbe":"425-797-1190","ademployee_emaildress":"ademployee_emaildress 194","citemployee_addressy":"citemployee_addressy 194","stateemployee_dev_level":"stateemployee_dev_level 194","employee_gender":"employee_gender 194","employee_hire_date":"1996-06-23T11:10:41.103Z","employee_onleave":false,"tech_stack":[],"project":[],"id":"194"},{"createdAt":1648628059,"employee_firstname":"employee_firstname 195","employee_lastname":"employee_lastname 195","employee_phonenumbe":"389-456-7973","ademployee_emaildress":"ademployee_emaildress 195","citemployee_addressy":"citemployee_addressy 195","stateemployee_dev_level":"stateemployee_dev_level 195","employee_gender":"employee_gender 195","employee_hire_date":"2057-08-06T21:17:14.695Z","employee_onleave":false,"tech_stack":[],"project":[],"id":"195"},{"createdAt":1648628040,"employee_firstname":"employee_firstname 196","employee_lastname":"employee_lastname 196","employee_phonenumbe":"497-864-2738","ademployee_emaildress":"ademployee_emaildress 196","citemployee_addressy":"citemployee_addressy 196","stateemployee_dev_level":"stateemployee_dev_level 196","employee_gender":"employee_gender 196","employee_hire_date":"2013-09-30T09:26:34.771Z","employee_onleave":false,"tech_stack":[],"project":[],"id":"196"},{"createdAt":1648628173,"employee_firstname":"employee_firstname 197","employee_lastname":"employee_lastname 197","employee_phonenumbe":"549-493-1293","ademployee_emaildress":"ademployee_emaildress 197","citemployee_addressy":"citemployee_addressy 197","stateemployee_dev_level":"stateemployee_dev_level 197","employee_gender":"employee_gender 197","employee_hire_date":"2074-01-01T07:44:44.900Z","employee_onleave":false,"tech_stack":[],"project":[],"id":"197"},{"createdAt":1648628214,"employee_firstname":"employee_firstname 198","employee_lastname":"employee_lastname 198","employee_phonenumbe":"210-873-9345","ademployee_emaildress":"ademployee_emaildress 198","citemployee_addressy":"citemployee_addressy 198","stateemployee_dev_level":"stateemployee_dev_level 198","employee_gender":"employee_gender 198","employee_hire_date":"2047-09-21T03:35:58.597Z","employee_onleave":false,"tech_stack":[],"project":[],"id":"198"},{"createdAt":1648628229,"employee_firstname":"employee_firstname 199","employee_lastname":"employee_lastname 199","employee_phonenumbe":"538-376-7629","ademployee_emaildress":"ademployee_emaildress 199","citemployee_addressy":"citemployee_addressy 199","stateemployee_dev_level":"stateemployee_dev_level 199","employee_gender":"employee_gender 199","employee_hire_date":"2084-05-06T20:41:09.022Z","employee_onleave":false,"tech_stack":[],"project":[],"id":"199"},{"createdAt":1648628545,"employee_firstname":"employee_firstname 200","employee_lastname":"employee_lastname 200","employee_phonenumbe":"907-338-2785","ademployee_emaildress":"ademployee_emaildress 200","citemployee_addressy":"citemployee_addressy 200","stateemployee_dev_level":"stateemployee_dev_level 200","employee_gender":"employee_gender 200","employee_hire_date":"2064-11-25T06:44:45.389Z","employee_onleave":false,"tech_stack":[],"project":[],"id":"200"},{"createdAt":1648628503,"employee_firstname":"employee_firstname 201","employee_lastname":"employee_lastname 201","employee_phonenumbe":"739-529-8276","ademployee_emaildress":"ademployee_emaildress 201","citemployee_addressy":"citemployee_addressy 201","stateemployee_dev_level":"stateemployee_dev_level 201","employee_gender":"employee_gender 201","employee_hire_date":"2082-08-03T15:19:15.916Z","employee_onleave":false,"tech_stack":[],"project":[],"id":"201"},{"createdAt":1648628569,"employee_firstname":"employee_firstname 202","employee_lastname":"employee_lastname 202","employee_phonenumbe":"706-226-7625","ademployee_emaildress":"ademployee_emaildress 202","citemployee_addressy":"citemployee_addressy 202","stateemployee_dev_level":"stateemployee_dev_level 202","employee_gender":"employee_gender 202","employee_hire_date":"2057-10-22T17:11:30.640Z","employee_onleave":false,"tech_stack":[],"project":[],"id":"202"},{"createdAt":1648628613,"employee_firstname":"employee_firstname 203","employee_lastname":"employee_lastname 203","employee_phonenumbe":"299-487-5755","ademployee_emaildress":"ademployee_emaildress 203","citemployee_addressy":"citemployee_addressy 203","stateemployee_dev_level":"stateemployee_dev_level 203","employee_gender":"employee_gender 203","employee_hire_date":"2069-01-05T03:53:32.248Z","employee_onleave":false,"tech_stack":[],"project":[],"id":"203"},{"createdAt":1648629312,"employee_firstname":"employee_firstname 204","employee_lastname":"employee_lastname 204","employee_phonenumbe":"397-209-7947","ademployee_emaildress":"ademployee_emaildress 204","citemployee_addressy":"citemployee_addressy 204","stateemployee_dev_level":"stateemployee_dev_level 204","employee_gender":"employee_gender 204","employee_hire_date":"2006-08-29T10:51:45.944Z","employee_onleave":false,"tech_stack":[],"project":[],"id":"204"},{"createdAt":1648629705,"employee_firstname":"employee_firstname 205","employee_lastname":"employee_lastname 205","employee_phonenumbe":"527-239-8939","ademployee_emaildress":"ademployee_emaildress 205","citemployee_addressy":"citemployee_addressy 205","stateemployee_dev_level":"stateemployee_dev_level 205","employee_gender":"employee_gender 205","employee_hire_date":"2087-08-19T16:35:15.929Z","employee_onleave":false,"tech_stack":[],"project":[],"id":"205"},{"createdAt":1649177676,"employee_firstname":"employee_firstname 206","employee_lastname":"employee_lastname 206","employee_phonenumbe":"344-564-0947","ademployee_emaildress":"ademployee_emaildress 206","citemployee_addressy":"citemployee_addressy 206","stateemployee_dev_level":"stateemployee_dev_level 206","employee_gender":"employee_gender 206","employee_hire_date":"2003-12-19T23:45:41.303Z","employee_onleave":false,"tech_stack":[],"project":[],"id":"206"},{"createdAt":1649177617,"employee_firstname":"employee_firstname 207","employee_lastname":"employee_lastname 207","employee_phonenumbe":"293-998-2163","ademployee_emaildress":"ademployee_emaildress 207","citemployee_addressy":"citemployee_addressy 207","stateemployee_dev_level":"stateemployee_dev_level 207","employee_gender":"employee_gender 207","employee_hire_date":"2057-03-22T00:56:03.067Z","employee_onleave":false,"tech_stack":[],"project":[],"id":"207"},{"createdAt":1649177557,"employee_firstname":"employee_firstname 208","employee_lastname":"employee_lastname 208","employee_phonenumbe":"398-239-7979","ademployee_emaildress":"ademployee_emaildress 208","citemployee_addressy":"citemployee_addressy 208","stateemployee_dev_level":"stateemployee_dev_level 208","employee_gender":"employee_gender 208","employee_hire_date":"2084-06-22T14:50:38.709Z","employee_onleave":false,"tech_stack":[],"project":[],"id":"208"},{"createdAt":1631825833,"employee_firstname":"TestData12345","employee_lastname":"TestData12345","employee_phonenumbe":"264-783-9453","ademployee_emaildress":"ademployee_emaildress 1","citemployee_addressy":"citemployee_addressy 1","stateemployee_dev_level":"stateemployee_dev_level 1","employee_gender":"employee_gender 1","employee_hire_date":"2025-10-31T16:35:45.426Z","employee_onleave":true,"tech_stack":[],"project":[],"id":"209"},{"createdAt":1631825833,"employee_firstname":"TestData12345","employee_lastname":"TestData12345","employee_phonenumbe":"264-783-9453","ademployee_emaildress":"ademployee_emaildress 1","citemployee_addressy":"citemployee_addressy 1","stateemployee_dev_level":"stateemployee_dev_level 1","employee_gender":"employee_gender 1","employee_hire_date":"2025-10-31T16:35:45.426Z","employee_onleave":true,"tech_stack":[],"project":[],"id":"210"},{"createdAt":1631825833,"employee_firstname":"TestData12345","employee_lastname":"TestData12345","employee_phonenumbe":"264-783-9453","ademployee_emaildress":"ademployee_emaildress 1","citemployee_addressy":"citemployee_addressy 1","stateemployee_dev_level":"stateemployee_dev_level 1","employee_gender":"employee_gender 1","employee_hire_date":"2025-10-31T16:35:45.426Z","employee_onleave":true,"tech_stack":[],"project":[],"id":"211"},{"createdAt":1631825833,"employee_firstname":"TestData12345","employee_lastname":"TestData12345","employee_phonenumbe":"264-783-9453","ademployee_emaildress":"ademployee_emaildress 1","citemployee_addressy":"citemployee_addressy 1","stateemployee_dev_level":"stateemployee_dev_level 1","employee_gender":"employee_gender 1","employee_hire_date":"2025-10-31T16:35:45.426Z","employee_onleave":true,"tech_stack":[],"project":[],"id":"212"},{"createdAt":"TestData12345","employee_firstname":"employee_firstname 213","employee_lastname":"TestData12345","employee_phonenumbe":"264-783-9453","ademployee_emaildress":"ademployee_emaildress 1","citemployee_addressy":"citemployee_addressy 1","stateemployee_dev_level":"stateemployee_dev_level 1","employee_gender":"employee_gender 1","employee_hire_date":"2025-10-31T16:35:45.426Z","employee_onleave":true,"tech_stack":"[]","project":"[]","id":"213"},{"createdAt":1631825833,"employee_firstname":"TestData12345","employee_lastname":"TestData12345","employee_phonenumbe":"264-783-9453","ademployee_emaildress":"ademployee_emaildress 1","citemployee_addressy":"citemployee_addressy 1","stateemployee_dev_level":"stateemployee_dev_level 1","employee_gender":"employee_gender 1","employee_hire_date":"2025-10-31T16:35:45.426Z","employee_onleave":true,"tech_stack":[],"project":[],"id":"214"},{"createdAt":1631825833,"employee_firstname":"TestData12345","employee_lastname":"TestData12345","employee_phonenumbe":"264-783-9453","ademployee_emaildress":"ademployee_emaildress 1","citemployee_addressy":"citemployee_addressy 1","stateemployee_dev_level":"stateemployee_dev_level 1","employee_gender":"employee_gender 1","employee_hire_date":"2025-10-31T16:35:45.426Z","employee_onleave":true,"tech_stack":[],"project":[],"id":"215"},{"createdAt":1654786420,"employee_firstname":"employee_firstname 216","employee_lastname":"employee_lastname 216","employee_phonenumbe":"569-922-8979","ademployee_emaildress":"ademployee_emaildress 216","citemployee_addressy":"citemployee_addressy 216","stateemployee_dev_level":"stateemployee_dev_level 216","employee_gender":"employee_gender 216","employee_hire_date":"2013-07-25T05:51:23.764Z","employee_onleave":false,"tech_stack":[],"project":[],"id":"216"},{"createdAt":1631825833,"employee_firstname":"TestData12345","employee_lastname":"TestData12345","employee_phonenumbe":"264-783-9453","ademployee_emaildress":"ademployee_emaildress 1","citemployee_addressy":"citemployee_addressy 1","stateemployee_dev_level":"stateemployee_dev_level 1","employee_gender":"employee_gender 1","employee_hire_date":"2025-10-31T16:35:45.426Z","employee_onleave":true,"tech_stack":[],"project":[],"id":"217"},{"createdAt":1631825833,"employee_firstname":"TestData12345","employee_lastname":"TestData12345","employee_phonenumbe":"264-783-9453","ademployee_emaildress":"ademployee_emaildress 1","citemployee_addressy":"citemployee_addressy 1","stateemployee_dev_level":"stateemployee_dev_level 1","employee_gender":"employee_gender 1","employee_hire_date":"2025-10-31T16:35:45.426Z","employee_onleave":true,"tech_stack":[],"project":[],"id":"218"},{"createdAt":1631825833,"employee_firstname":"TestData12345","employee_lastname":"TestData12345","employee_phonenumbe":"264-783-9453","ademployee_emaildress":"ademployee_emaildress 1","citemployee_addressy":"citemployee_addressy 1","stateemployee_dev_level":"stateemployee_dev_level 1","employee_gender":"employee_gender 1","employee_hire_date":"2025-10-31T16:35:45.426Z","employee_onleave":true,"tech_stack":[],"project":[],"id":"219"},{"createdAt":1631825833,"employee_firstname":"TestData12345","employee_lastname":"TestData12345","employee_phonenumbe":"264-783-9453","ademployee_emaildress":"ademployee_emaildress 1","citemployee_addressy":"citemployee_addressy 1","stateemployee_dev_level":"stateemployee_dev_level 1","employee_gender":"employee_gender 1","employee_hire_date":"2025-10-31T16:35:45.426Z","employee_onleave":true,"tech_stack":[],"project":[],"id":"220"},{"createdAt":1631825833,"employee_firstname":"TestData12345","employee_lastname":"TestData12345","employee_phonenumbe":"264-783-9453","ademployee_emaildress":"ademployee_emaildress 1","citemployee_addressy":"citemployee_addressy 1","stateemployee_dev_level":"stateemployee_dev_level 1","employee_gender":"employee_gender 1","employee_hire_date":"2025-10-31T16:35:45.426Z","employee_onleave":true,"tech_stack":[],"project":[],"id":"221"},{"createdAt":1631825833,"employee_firstname":"TestData12345","employee_lastname":"TestData12345","employee_phonenumbe":"264-783-9453","ademployee_emaildress":"ademployee_emaildress 1","citemployee_addressy":"citemployee_addressy 1","stateemployee_dev_level":"stateemployee_dev_level 1","employee_gender":"employee_gender 1","employee_hire_date":"2025-10-31T16:35:45.426Z","employee_onleave":true,"tech_stack":[],"project":[],"id":"222"},{"createdAt":1631825833,"employee_firstname":"TestData12345","employee_lastname":"TestData12345","employee_phonenumbe":"264-783-9453","ademployee_emaildress":"ademployee_emaildress 1","citemployee_addressy":"citemployee_addressy 1","stateemployee_dev_level":"stateemployee_dev_level 1","employee_gender":"employee_gender 1","employee_hire_date":"2025-10-31T16:35:45.426Z","employee_onleave":true,"tech_stack":[],"project":[],"id":"223"},{"createdAt":1631824813,"employee_firstname":"employee_firstname 18","employee_lastname":"employee_lastname 18","employee_phonenumbe":"940-588-5938","ademployee_emaildress":"ademployee_emaildress 18","citemployee_addressy":"citemployee_addressy 18","stateemployee_dev_level":"stateemployee_dev_level 18","employee_gender":"employee_gender 18","employee_hire_date":"2033-02-05T21:36:16.575Z","employee_onleave":false,"tech_stack":[],"project":[],"id":"224"},{"createdAt":1631824813,"employee_firstname":"employee_firstname 225","employee_lastname":"employee_lastname 225","employee_phonenumbe":"570-950-6721","ademployee_emaildress":"ademployee_emaildress 225","citemployee_addressy":"citemployee_addressy 225","stateemployee_dev_level":"stateemployee_dev_level 225","employee_gender":"employee_gender 225","employee_hire_date":"2040-10-05T06:16:53.099Z","employee_onleave":false,"tech_stack":[],"project":[],"id":"225","employeeFirstname":"hassan 1","employeeLastname":"hassan 2","employeePhonenumbe":"940-588-5938","ademployeeEmaildress":"hassan@gmail.com","citemployeeAddressy":"citemployee_addressy 1","stateemployeeDevLevel":"stateemployee_dev_level 1","employeeGender":"employee_gender 1","employeeHireDate":"2033-02-05T21:36:16.575Z","employeeOnleave":false,"techStack":[],"additionalProperties":{}},{"createdAt":1631824813,"employee_firstname":"employee_firstname 226","employee_lastname":"employee_lastname 226","employee_phonenumbe":"770-478-0166","ademployee_emaildress":"ademployee_emaildress 226","citemployee_addressy":"citemployee_addressy 226","stateemployee_dev_level":"stateemployee_dev_level 226","employee_gender":"employee_gender 226","employee_hire_date":"2006-05-14T06:36:25.468Z","employee_onleave":false,"tech_stack":[],"project":[],"id":"226","employeeFirstname":"hassan 1","employeeLastname":"hassan 2","employeePhonenumbe":"940-588-5938","ademployeeEmaildress":"hassan@gmail.com","citemployeeAddressy":"citemployee_addressy 1","stateemployeeDevLevel":"stateemployee_dev_level 1","employeeGender":"employee_gender 1","employeeHireDate":"2033-02-05T21:36:16.575Z","employeeOnleave":false,"techStack":[],"additionalProperties":{}},{"createdAt":1631824813,"employee_firstname":"hassan 1","employee_lastname":"hassan 2","employee_phonenumbe":"940-588-5938","ademployee_emaildress":"hassan@gmail.com","citemployee_addressy":"citemployee_addressy 1","stateemployee_dev_level":"stateemployee_dev_level 1","employee_gender":"employee_gender 1","employee_hire_date":"2033-02-05T21:36:16.575Z","employee_onleave":false,"tech_stack":[],"project":[],"id":"227"},{"createdAt":1631824813,"employee_firstname":"employee_firstname 228","employee_lastname":"employee_lastname 228","employee_phonenumbe":"702-383-9802","ademployee_emaildress":"ademployee_emaildress 228","citemployee_addressy":"citemployee_addressy 228","stateemployee_dev_level":"stateemployee_dev_level 228","employee_gender":"employee_gender 228","employee_hire_date":"2076-07-13T21:10:40.126Z","employee_onleave":false,"tech_stack":[],"project":[],"id":"228","employeeFirstname":"hassan 1","employeeLastname":"hassan 2","employeePhonenumbe":"940-588-5938","ademployeeEmaildress":"hassan@gmail.com","citemployeeAddressy":"citemployee_addressy 1","stateemployeeDevLevel":"stateemployee_dev_level 1","employeeGender":"employee_gender 1","employeeHireDate":"2033-02-05T21:36:16.575Z","employeeOnleave":false,"techStack":[],"additionalProperties":{}},{"createdAt":1660815170,"employee_firstname":"employee_firstname 239","employee_lastname":"employee_lastname 239","employee_phonenumbe":"899-827-4290","ademployee_emaildress":"ademployee_emaildress 239","citemployee_addressy":"citemployee_addressy 239","stateemployee_dev_level":"stateemployee_dev_level 239","employee_gender":"employee_gender 239","employee_hire_date":"2096-03-21T20:07:07.331Z","employee_onleave":false,"tech_stack":[],"project":[],"id":"239"},{"createdAt":1660817070,"employee_firstname":"employee_firstname 249","employee_lastname":"employee_lastname 249","employee_phonenumbe":"740-773-5991","ademployee_emaildress":"ademployee_emaildress 249","citemployee_addressy":"citemployee_addressy 249","stateemployee_dev_level":"stateemployee_dev_level 249","employee_gender":"employee_gender 249","employee_hire_date":"2066-10-14T12:14:42.220Z","employee_onleave":false,"tech_stack":[],"project":[],"id":"249"},{"createdAt":1631825833,"employee_firstname":"TestData12345","employee_lastname":"TestData12345","employee_phonenumbe":"264-783-9453","ademployee_emaildress":"ademployee_emaildress 250","citemployee_addressy":"citemployee_addressy 1","stateemployee_dev_level":"stateemployee_dev_level 1","employee_gender":"employee_gender 1","employee_hire_date":"2025-10-31T16:35:45.426Z","employee_onleave":true,"tech_stack":[],"project":[],"id":"250","employee_emaildress":"employee_emaildress 1"},{"createdAt":1660817120,"employee_firstname":"employee_firstname 251","employee_lastname":"employee_lastname 251","employee_phonenumbe":"309-846-8883","ademployee_emaildress":"ademployee_emaildress 251","citemployee_addressy":"citemployee_addressy 251","stateemployee_dev_level":"stateemployee_dev_level 251","employee_gender":"employee_gender 251","employee_hire_date":"2082-11-28T10:38:49.345Z","employee_onleave":false,"tech_stack":[],"project":[],"id":"251"},{"createdAt":1660817163,"employee_firstname":"employee_firstname 252","employee_lastname":"employee_lastname 252","employee_phonenumbe":"877-257-8073","ademployee_emaildress":"ademployee_emaildress 252","citemployee_addressy":"citemployee_addressy 252","stateemployee_dev_level":"stateemployee_dev_level 252","employee_gender":"employee_gender 252","employee_hire_date":"2032-07-27T16:02:44.626Z","employee_onleave":false,"tech_stack":[],"project":[],"id":"252"},{"createdAt":1660817564,"employee_firstname":"employee_firstname 253","employee_lastname":"employee_lastname 253","employee_phonenumbe":"855-580-8630","ademployee_emaildress":"ademployee_emaildress 253","citemployee_addressy":"citemployee_addressy 253","stateemployee_dev_level":"stateemployee_dev_level 253","employee_gender":"employee_gender 253","employee_hire_date":"2055-02-21T07:40:25.968Z","employee_onleave":false,"tech_stack":[],"project":[],"id":"253"},{"createdAt":1660817798,"employee_firstname":"employee_firstname 254","employee_lastname":"employee_lastname 254","employee_phonenumbe":"728-640-2695","ademployee_emaildress":"ademployee_emaildress 254","citemployee_addressy":"citemployee_addressy 254","stateemployee_dev_level":"stateemployee_dev_level 254","employee_gender":"employee_gender 254","employee_hire_date":"2005-10-24T16:09:59.017Z","employee_onleave":false,"tech_stack":[],"project":[],"id":"254"},{"createdAt":1660817985,"employee_firstname":"employee_firstname 255","employee_lastname":"employee_lastname 255","employee_phonenumbe":"343-387-0071","ademployee_emaildress":"ademployee_emaildress 255","citemployee_addressy":"citemployee_addressy 255","stateemployee_dev_level":"stateemployee_dev_level 255","employee_gender":"employee_gender 255","employee_hire_date":"2094-08-16T18:23:41.338Z","employee_onleave":false,"tech_stack":[],"project":[],"id":"255"},{"createdAt":1660818361,"employee_firstname":"employee_firstname 256","employee_lastname":"employee_lastname 256","employee_phonenumbe":"646-929-9404","ademployee_emaildress":"ademployee_emaildress 256","citemployee_addressy":"citemployee_addressy 256","stateemployee_dev_level":"stateemployee_dev_level 256","employee_gender":"employee_gender 256","employee_hire_date":"2017-02-25T13:44:10.078Z","employee_onleave":false,"tech_stack":[],"project":[],"id":"256"},{"createdAt":1660818760,"employee_firstname":"employee_firstname 257","employee_lastname":"employee_lastname 257","employee_phonenumbe":"780-758-8463","ademployee_emaildress":"ademployee_emaildress 257","citemployee_addressy":"citemployee_addressy 257","stateemployee_dev_level":"stateemployee_dev_level 257","employee_gender":"employee_gender 257","employee_hire_date":"2034-10-20T06:19:33.373Z","employee_onleave":false,"tech_stack":[],"project":[],"id":"257"},{"createdAt":1631825833,"employee_firstname":"TestData12345","employee_lastname":"TestData12345","employee_phonenumbe":"264-783-9453","ademployee_emaildress":"ademployee_emaildress 1","citemployee_addressy":"citemployee_addressy 1","stateemployee_dev_level":"stateemployee_dev_level 1","employee_gender":"employee_gender 1","employee_hire_date":"2025-10-31T16:35:45.426Z","employee_onleave":true,"tech_stack":[],"project":[],"id":"258"},{"createdAt":1631825833,"employee_firstname":"TestData12345","employee_lastname":"TestData12345","employee_phonenumbe":"264-783-9453","ademployee_emaildress":"ademployee_emaildress 1","citemployee_addressy":"citemployee_addressy 1","stateemployee_dev_level":"stateemployee_dev_level 1","employee_gender":"employee_gender 1","employee_hire_date":"2025-10-31T16:35:45.426Z","employee_onleave":true,"tech_stack":[],"project":[],"id":"259"},{"createdAt":1631825833,"employee_firstname":"TestData12345","employee_lastname":"TestData12345","employee_phonenumbe":"264-783-9453","ademployee_emaildress":"ademployee_emaildress 1","citemployee_addressy":"citemployee_addressy 1","stateemployee_dev_level":"stateemployee_dev_level 1","employee_gender":"employee_gender 1","employee_hire_date":"2025-10-31T16:35:45.426Z","employee_onleave":true,"tech_stack":[],"project":[],"id":"260"},{"createdAt":1631825833,"employee_firstname":"TestData12345","employee_lastname":"TestData12345","employee_phonenumbe":"264-783-9453","ademployee_emaildress":"ademployee_emaildress 1","citemployee_addressy":"citemployee_addressy 1","stateemployee_dev_level":"stateemployee_dev_level 1","employee_gender":"employee_gender 1","employee_hire_date":"2025-10-31T16:35:45.426Z","employee_onleave":true,"tech_stack":[],"project":[],"id":"261"},{"createdAt":1660821732,"employee_firstname":"employee_firstname 262","employee_lastname":"employee_lastname 262","employee_phonenumbe":"602-909-6312","ademployee_emaildress":"ademployee_emaildress 262","citemployee_addressy":"citemployee_addressy 262","stateemployee_dev_level":"stateemployee_dev_level 262","employee_gender":"employee_gender 262","employee_hire_date":"2006-12-22T06:46:13.731Z","employee_onleave":false,"tech_stack":[],"project":[],"id":"262"},{"createdAt":"1631825833","employee_firstname":"TestData12345","employee_lastname":"TestData12345","employee_phonenumbe":"699-786-4815","ademployee_emaildress":"ademployee_emaildress 263","citemployee_addressy":"citemployee_addressy 1","stateemployee_dev_level":"stateemployee_dev_level 1","employee_gender":"employee_gender 1","employee_hire_date":"2025-10-31T16:35:45.426Z","employee_onleave":"true","tech_stack":[],"project":[],"id":"263","employee_emaildress":"employee_emaildress 1"},{"createdAt":1660821756,"employee_firstname":"employee_firstname 264","employee_lastname":"employee_lastname 264","employee_phonenumbe":"591-610-7964","ademployee_emaildress":"ademployee_emaildress 264","citemployee_addressy":"citemployee_addressy 264","stateemployee_dev_level":"stateemployee_dev_level 264","employee_gender":"employee_gender 264","employee_hire_date":"2054-01-16T12:50:13.552Z","employee_onleave":false,"tech_stack":[],"project":[],"id":"264"},{"createdAt":1631825833,"employee_firstname":"TestData12345","employee_lastname":"TestData12345","employee_phonenumbe":"264-783-9453","ademployee_emaildress":"ademployee_emaildress 1","citemployee_addressy":"citemployee_addressy 1","stateemployee_dev_level":"stateemployee_dev_level 1","employee_gender":"employee_gender 1","employee_hire_date":"2025-10-31T16:35:45.426Z","employee_onleave":true,"tech_stack":[],"project":[],"id":"265"}]
GET stcode 200
HTTP/1.1 200 OK
Server: Cowboy
Connection: keep-alive
X-Powered-By: Express
Access-Control-Allow-Origin: *
Access-Control-Allow-Methods: GET,PUT,POST,DELETE,OPTIONS
Access-Control-Allow-Headers: X-Requested-With,Content-Type,Cache-Control,access_token
Content-Type: application/json
Etag: "545433875"
Vary: Accept-Encoding
Content-Encoding: deflate
Date: Thu, 18 Aug 2022 15:49:25 GMT
Transfer-Encoding: chunked
Via: 1.1 vegur

[
    {
        "createdAt": 1631825833,
        "employee_firstname": "TestData12345",
        "employee_lastname": "TestData12345",
        "employee_phonenumbe": "264-783-9453",
        "ademployee_emaildress": "ademployee_emaildress 1",
        "citemployee_addressy": "citemployee_addressy 1",
        "stateemployee_dev_level": "stateemployee_dev_level 1",
        "employee_gender": "employee_gender 1",
        "employee_hire_date": "2025-10-31T16:35:45.426Z",
        "employee_onleave": true,
        "tech_stack": [
            
        ],
        "project": [
            
        ],
        "id": "53"
    },
    {
        "createdAt": 1631825833,
        "employee_firstname": "TestData12345",
        "employee_lastname": "TestData12345",
        "employee_phonenumbe": "264-783-9453",
        "ademployee_emaildress": "ademployee_emaildress 1",
        "citemployee_addressy": "citemployee_addressy 1",
        "stateemployee_dev_level": "stateemployee_dev_level 1",
        "employee_gender": "employee_gender 1",
        "employee_hire_date": "2025-10-31T16:35:45.426Z",
        "employee_onleave": true,
        "tech_stack": [
            
        ],
        "project": [
            
        ],
        "id": "57"
    },
    {
        "createdAt": 1631825833,
        "employee_firstname": "TestData12345",
        "employee_lastname": "TestData12345",
        "employee_phonenumbe": "264-783-9453",
        "ademployee_emaildress": "ademployee_emaildress 1",
        "citemployee_addressy": "citemployee_addressy 1",
        "stateemployee_dev_level": "stateemployee_dev_level 1",
        "employee_gender": "employee_gender 1",
        "employee_hire_date": "2025-10-31T16:35:45.426Z",
        "employee_onleave": true,
        "tech_stack": [
            
        ],
        "project": [
            
        ],
        "id": "59"
    },
    {
        "createdAt": 1631825833,
        "employee_firstname": "TestData12345",
        "employee_lastname": "TestData12345",
        "employee_phonenumbe": "264-783-9453",
        "ademployee_emaildress": "ademployee_emaildress 1",
        "citemployee_addressy": "citemployee_addressy 1",
        "stateemployee_dev_level": "stateemployee_dev_level 1",
        "employee_gender": "employee_gender 1",
        "employee_hire_date": "2025-10-31T16:35:45.426Z",
        "employee_onleave": true,
        "tech_stack": [
            
        ],
        "project": [
            
        ],
        "id": "60"
    },
    {
        "createdAt": 1648596568,
        "employee_firstname": "employee_firstname 151",
        "employee_lastname": "employee_lastname 151",
        "employee_phonenumbe": "589-846-8924",
        "ademployee_emaildress": "ademployee_emaildress 151",
        "citemployee_addressy": "citemployee_addressy 151",
        "stateemployee_dev_level": "stateemployee_dev_level 151",
        "employee_gender": "employee_gender 151",
        "employee_hire_date": "1994-01-26T10:30:22.230Z",
        "employee_onleave": false,
        "tech_stack": [
            
        ],
        "project": [
            
        ],
        "id": "151"
    },
    {
        "createdAt": 1648596516,
        "employee_firstname": "employee_firstname 152",
        "employee_lastname": "employee_lastname 152",
        "employee_phonenumbe": "235-407-7405",
        "ademployee_emaildress": "ademployee_emaildress 152",
        "citemployee_addressy": "citemployee_addressy 152",
        "stateemployee_dev_level": "stateemployee_dev_level 152",
        "employee_gender": "employee_gender 152",
        "employee_hire_date": "2027-08-16T20:51:03.897Z",
        "employee_onleave": false,
        "tech_stack": [
            
        ],
        "project": [
            
        ],
        "id": "152"
    },
    {
        "createdAt": 1648597442,
        "employee_firstname": "employee_firstname 153",
        "employee_lastname": "employee_lastname 153",
        "employee_phonenumbe": "875-908-7279",
        "ademployee_emaildress": "ademployee_emaildress 153",
        "citemployee_addressy": "citemployee_addressy 153",
        "stateemployee_dev_level": "stateemployee_dev_level 153",
        "employee_gender": "employee_gender 153",
        "employee_hire_date": "2023-07-04T00:24:56.383Z",
        "employee_onleave": false,
        "tech_stack": [
            
        ],
        "project": [
            
        ],
        "id": "153"
    },
    {
        "createdAt": 1648597812,
        "employee_firstname": "employee_firstname 154",
        "employee_lastname": "employee_lastname 154",
        "employee_phonenumbe": "487-548-5895",
        "ademployee_emaildress": "ademployee_emaildress 154",
        "citemployee_addressy": "citemployee_addressy 154",
        "stateemployee_dev_level": "stateemployee_dev_level 154",
        "employee_gender": "employee_gender 154",
        "employee_hire_date": "2005-10-07T10:12:33.987Z",
        "employee_onleave": false,
        "tech_stack": [
            
        ],
        "project": [
            
        ],
        "id": "154"
    },
    {
        "createdAt": 1648597894,
        "employee_firstname": "employee_firstname 155",
        "employee_lastname": "employee_lastname 155",
        "employee_phonenumbe": "574-270-2823",
        "ademployee_emaildress": "ademployee_emaildress 155",
        "citemployee_addressy": "citemployee_addressy 155",
        "stateemployee_dev_level": "stateemployee_dev_level 155",
        "employee_gender": "employee_gender 155",
        "employee_hire_date": "2090-12-19T03:56:22.897Z",
        "employee_onleave": false,
        "tech_stack": [
            
        ],
        "project": [
            
        ],
        "id": "155"
    },
    {
        "createdAt": 1648597887,
        "employee_firstname": "employee_firstname 156",
        "employee_lastname": "employee_lastname 156",
        "employee_phonenumbe": "349-625-0313",
        "ademployee_emaildress": "ademployee_emaildress 156",
        "citemployee_addressy": "citemployee_addressy 156",
        "stateemployee_dev_level": "stateemployee_dev_level 156",
        "employee_gender": "employee_gender 156",
        "employee_hire_date": "2082-12-13T08:25:46.229Z",
        "employee_onleave": false,
        "tech_stack": [
            
        ],
        "project": [
            
        ],
        "id": "156"
    },
    {
        "createdAt": 1648598583,
        "employee_firstname": "employee_firstname 157",
        "employee_lastname": "employee_lastname 157",
        "employee_phonenumbe": "283-281-3204",
        "ademployee_emaildress": "ademployee_emaildress 157",
        "citemployee_addressy": "citemployee_addressy 157",
        "stateemployee_dev_level": "stateemployee_dev_level 157",
        "employee_gender": "employee_gender 157",
        "employee_hire_date": "2039-10-02T20:53:04.834Z",
        "employee_onleave": false,
        "tech_stack": [
            
        ],
        "project": [
            
        ],
        "id": "157"
    },
    {
        "createdAt": 1648598602,
        "employee_firstname": "employee_firstname 158",
        "employee_lastname": "employee_lastname 158",
        "employee_phonenumbe": "384-913-3198",
        "ademployee_emaildress": "ademployee_emaildress 158",
        "citemployee_addressy": "citemployee_addressy 158",
        "stateemployee_dev_level": "stateemployee_dev_level 158",
        "employee_gender": "employee_gender 158",
        "employee_hire_date": "2016-07-13T10:43:39.479Z",
        "employee_onleave": false,
        "tech_stack": [
            
        ],
        "project": [
            
        ],
        "id": "158"
    },
    {
        "createdAt": 1648598578,
        "employee_firstname": "employee_firstname 159",
        "employee_lastname": "employee_lastname 159",
        "employee_phonenumbe": "598-604-5208",
        "ademployee_emaildress": "ademployee_emaildress 159",
        "citemployee_addressy": "citemployee_addressy 159",
        "stateemployee_dev_level": "stateemployee_dev_level 159",
        "employee_gender": "employee_gender 159",
        "employee_hire_date": "2030-02-10T22:55:30.808Z",
        "employee_onleave": false,
        "tech_stack": [
            
        ],
        "project": [
            
        ],
        "id": "159"
    },
    {
        "createdAt": 1648598607,
        "employee_firstname": "employee_firstname 160",
        "employee_lastname": "employee_lastname 160",
        "employee_phonenumbe": "792-286-5290",
        "ademployee_emaildress": "ademployee_emaildress 160",
        "citemployee_addressy": "citemployee_addressy 160",
        "stateemployee_dev_level": "stateemployee_dev_level 160",
        "employee_gender": "employee_gender 160",
        "employee_hire_date": "2024-07-12T20:29:28.569Z",
        "employee_onleave": false,
        "tech_stack": [
            
        ],
        "project": [
            
        ],
        "id": "160"
    },
    {
        "createdAt": 1648599249,
        "employee_firstname": "employee_firstname 161",
        "employee_lastname": "employee_lastname 161",
        "employee_phonenumbe": "744-923-0440",
        "ademployee_emaildress": "ademployee_emaildress 161",
        "citemployee_addressy": "citemployee_addressy 161",
        "stateemployee_dev_level": "stateemployee_dev_level 161",
        "employee_gender": "employee_gender 161",
        "employee_hire_date": "2080-06-23T14:24:04.847Z",
        "employee_onleave": false,
        "tech_stack": [
            
        ],
        "project": [
            
        ],
        "id": "161"
    },
    {
        "createdAt": 1648599492,
        "employee_firstname": "employee_firstname 162",
        "employee_lastname": "employee_lastname 162",
        "employee_phonenumbe": "247-986-4880",
        "ademployee_emaildress": "ademployee_emaildress 162",
        "citemployee_addressy": "citemployee_addressy 162",
        "stateemployee_dev_level": "stateemployee_dev_level 162",
        "employee_gender": "employee_gender 162",
        "employee_hire_date": "1998-10-07T08:17:34.100Z",
        "employee_onleave": false,
        "tech_stack": [
            
        ],
        "project": [
            
        ],
        "id": "162"
    },
    {
        "createdAt": 1648599498,
        "employee_firstname": "employee_firstname 163",
        "employee_lastname": "employee_lastname 163",
        "employee_phonenumbe": "394-958-9482",
        "ademployee_emaildress": "ademployee_emaildress 163",
        "citemployee_addressy": "citemployee_addressy 163",
        "stateemployee_dev_level": "stateemployee_dev_level 163",
        "employee_gender": "employee_gender 163",
        "employee_hire_date": "2090-07-16T23:39:59.378Z",
        "employee_onleave": false,
        "tech_stack": [
            
        ],
        "project": [
            
        ],
        "id": "163"
    },
    {
        "createdAt": 1648599497,
        "employee_firstname": "employee_firstname 164",
        "employee_lastname": "employee_lastname 164",
        "employee_phonenumbe": "205-690-8334",
        "ademployee_emaildress": "ademployee_emaildress 164",
        "citemployee_addressy": "citemployee_addressy 164",
        "stateemployee_dev_level": "stateemployee_dev_level 164",
        "employee_gender": "employee_gender 164",
        "employee_hire_date": "2084-06-25T11:32:14.930Z",
        "employee_onleave": false,
        "tech_stack": [
            
        ],
        "project": [
            
        ],
        "id": "164"
    },
    {
        "createdAt": 1648600736,
        "employee_firstname": "employee_firstname 165",
        "employee_lastname": "employee_lastname 165",
        "employee_phonenumbe": "374-430-9226",
        "ademployee_emaildress": "ademployee_emaildress 165",
        "citemployee_addressy": "citemployee_addressy 165",
        "stateemployee_dev_level": "stateemployee_dev_level 165",
        "employee_gender": "employee_gender 165",
        "employee_hire_date": "2015-03-22T02:29:43.245Z",
        "employee_onleave": false,
        "tech_stack": [
            
        ],
        "project": [
            
        ],
        "id": "165"
    },
    {
        "createdAt": 1648600741,
        "employee_firstname": "employee_firstname 166",
        "employee_lastname": "employee_lastname 166",
        "employee_phonenumbe": "932-918-1342",
        "ademployee_emaildress": "ademployee_emaildress 166",
        "citemployee_addressy": "citemployee_addressy 166",
        "stateemployee_dev_level": "stateemployee_dev_level 166",
        "employee_gender": "employee_gender 166",
        "employee_hire_date": "2080-12-06T14:28:10.414Z",
        "employee_onleave": false,
        "tech_stack": [
            
        ],
        "project": [
            
        ],
        "id": "166"
    },
    {
        "createdAt": 1648600751,
        "employee_firstname": "employee_firstname 167",
        "employee_lastname": "employee_lastname 167",
        "employee_phonenumbe": "658-678-0446",
        "ademployee_emaildress": "ademployee_emaildress 167",
        "citemployee_addressy": "citemployee_addressy 167",
        "stateemployee_dev_level": "stateemployee_dev_level 167",
        "employee_gender": "employee_gender 167",
        "employee_hire_date": "2078-08-29T22:24:20.160Z",
        "employee_onleave": false,
        "tech_stack": [
            
        ],
        "project": [
            
        ],
        "id": "167"
    },
    {
        "createdAt": 1648600740,
        "employee_firstname": "employee_firstname 168",
        "employee_lastname": "employee_lastname 168",
        "employee_phonenumbe": "963-771-5953",
        "ademployee_emaildress": "ademployee_emaildress 168",
        "citemployee_addressy": "citemployee_addressy 168",
        "stateemployee_dev_level": "stateemployee_dev_level 168",
        "employee_gender": "employee_gender 168",
        "employee_hire_date": "2047-01-18T09:23:55.687Z",
        "employee_onleave": false,
        "tech_stack": [
            
        ],
        "project": [
            
        ],
        "id": "168"
    },
    {
        "createdAt": 1648600891,
        "employee_firstname": "employee_firstname 169",
        "employee_lastname": "employee_lastname 169",
        "employee_phonenumbe": "335-707-5749",
        "ademployee_emaildress": "ademployee_emaildress 169",
        "citemployee_addressy": "citemployee_addressy 169",
        "stateemployee_dev_level": "stateemployee_dev_level 169",
        "employee_gender": "employee_gender 169",
        "employee_hire_date": "1998-08-17T19:15:51.876Z",
        "employee_onleave": false,
        "tech_stack": [
            
        ],
        "project": [
            
        ],
        "id": "169"
    },
    {
        "createdAt": 1648600881,
        "employee_firstname": "employee_firstname 170",
        "employee_lastname": "employee_lastname 170",
        "employee_phonenumbe": "584-499-9489",
        "ademployee_emaildress": "ademployee_emaildress 170",
        "citemployee_addressy": "citemployee_addressy 170",
        "stateemployee_dev_level": "stateemployee_dev_level 170",
        "employee_gender": "employee_gender 170",
        "employee_hire_date": "2027-09-13T09:06:19.374Z",
        "employee_onleave": false,
        "tech_stack": [
            
        ],
        "project": [
            
        ],
        "id": "170"
    },
    {
        "createdAt": 1648600867,
        "employee_firstname": "employee_firstname 171",
        "employee_lastname": "employee_lastname 171",
        "employee_phonenumbe": "282-438-2173",
        "ademployee_emaildress": "ademployee_emaildress 171",
        "citemployee_addressy": "citemployee_addressy 171",
        "stateemployee_dev_level": "stateemployee_dev_level 171",
        "employee_gender": "employee_gender 171",
        "employee_hire_date": "2093-05-24T14:52:59.843Z",
        "employee_onleave": false,
        "tech_stack": [
            
        ],
        "project": [
            
        ],
        "id": "171"
    },
    {
        "createdAt": 1648600833,
        "employee_firstname": "employee_firstname 172",
        "employee_lastname": "employee_lastname 172",
        "employee_phonenumbe": "473-507-8950",
        "ademployee_emaildress": "ademployee_emaildress 172",
        "citemployee_addressy": "citemployee_addressy 172",
        "stateemployee_dev_level": "stateemployee_dev_level 172",
        "employee_gender": "employee_gender 172",
        "employee_hire_date": "2082-07-19T00:45:01.826Z",
        "employee_onleave": false,
        "tech_stack": [
            
        ],
        "project": [
            
        ],
        "id": "172"
    },
    {
        "createdAt": 1648600858,
        "employee_firstname": "employee_firstname 173",
        "employee_lastname": "employee_lastname 173",
        "employee_phonenumbe": "772-522-1478",
        "ademployee_emaildress": "ademployee_emaildress 173",
        "citemployee_addressy": "citemployee_addressy 173",
        "stateemployee_dev_level": "stateemployee_dev_level 173",
        "employee_gender": "employee_gender 173",
        "employee_hire_date": "1993-09-01T07:12:01.532Z",
        "employee_onleave": false,
        "tech_stack": [
            
        ],
        "project": [
            
        ],
        "id": "173"
    },
    {
        "createdAt": 1648600852,
        "employee_firstname": "employee_firstname 174",
        "employee_lastname": "employee_lastname 174",
        "employee_phonenumbe": "304-650-3702",
        "ademployee_emaildress": "ademployee_emaildress 174",
        "citemployee_addressy": "citemployee_addressy 174",
        "stateemployee_dev_level": "stateemployee_dev_level 174",
        "employee_gender": "employee_gender 174",
        "employee_hire_date": "1991-01-18T03:11:30.222Z",
        "employee_onleave": false,
        "tech_stack": [
            
        ],
        "project": [
            
        ],
        "id": "174"
    },
    {
        "createdAt": 1648600871,
        "employee_firstname": "employee_firstname 175",
        "employee_lastname": "employee_lastname 175",
        "employee_phonenumbe": "394-790-3684",
        "ademployee_emaildress": "ademployee_emaildress 175",
        "citemployee_addressy": "citemployee_addressy 175",
        "stateemployee_dev_level": "stateemployee_dev_level 175",
        "employee_gender": "employee_gender 175",
        "employee_hire_date": "2075-07-11T00:35:02.588Z",
        "employee_onleave": false,
        "tech_stack": [
            
        ],
        "project": [
            
        ],
        "id": "175"
    },
    {
        "createdAt": 1648600955,
        "employee_firstname": "employee_firstname 176",
        "employee_lastname": "employee_lastname 176",
        "employee_phonenumbe": "306-200-4706",
        "ademployee_emaildress": "ademployee_emaildress 176",
        "citemployee_addressy": "citemployee_addressy 176",
        "stateemployee_dev_level": "stateemployee_dev_level 176",
        "employee_gender": "employee_gender 176",
        "employee_hire_date": "2090-06-11T06:23:36.959Z",
        "employee_onleave": false,
        "tech_stack": [
            
        ],
        "project": [
            
        ],
        "id": "176"
    },
    {
        "createdAt": 1648600976,
        "employee_firstname": "employee_firstname 177",
        "employee_lastname": "employee_lastname 177",
        "employee_phonenumbe": "862-708-6556",
        "ademployee_emaildress": "ademployee_emaildress 177",
        "citemployee_addressy": "citemployee_addressy 177",
        "stateemployee_dev_level": "stateemployee_dev_level 177",
        "employee_gender": "employee_gender 177",
        "employee_hire_date": "2068-05-08T02:05:30.466Z",
        "employee_onleave": false,
        "tech_stack": [
            
        ],
        "project": [
            
        ],
        "id": "177"
    },
    {
        "createdAt": 1648600953,
        "employee_firstname": "employee_firstname 178",
        "employee_lastname": "employee_lastname 178",
        "employee_phonenumbe": "840-441-5798",
        "ademployee_emaildress": "ademployee_emaildress 178",
        "citemployee_addressy": "citemployee_addressy 178",
        "stateemployee_dev_level": "stateemployee_dev_level 178",
        "employee_gender": "employee_gender 178",
        "employee_hire_date": "2026-03-27T08:58:06.828Z",
        "employee_onleave": false,
        "tech_stack": [
            
        ],
        "project": [
            
        ],
        "id": "178"
    },
    {
        "createdAt": 1648602000,
        "employee_firstname": "employee_firstname 179",
        "employee_lastname": "employee_lastname 179",
        "employee_phonenumbe": "251-692-7144",
        "ademployee_emaildress": "ademployee_emaildress 179",
        "citemployee_addressy": "citemployee_addressy 179",
        "stateemployee_dev_level": "stateemployee_dev_level 179",
        "employee_gender": "employee_gender 179",
        "employee_hire_date": "2083-09-21T14:04:31.661Z",
        "employee_onleave": false,
        "tech_stack": [
            
        ],
        "project": [
            
        ],
        "id": "179"
    },
    {
        "createdAt": 1648601995,
        "employee_firstname": "employee_firstname 180",
        "employee_lastname": "employee_lastname 180",
        "employee_phonenumbe": "985-998-4702",
        "ademployee_emaildress": "ademployee_emaildress 180",
        "citemployee_addressy": "citemployee_addressy 180",
        "stateemployee_dev_level": "stateemployee_dev_level 180",
        "employee_gender": "employee_gender 180",
        "employee_hire_date": "2019-04-16T19:47:12.138Z",
        "employee_onleave": false,
        "tech_stack": [
            
        ],
        "project": [
            
        ],
        "id": "180"
    },
    {
        "createdAt": 1648602098,
        "employee_firstname": "employee_firstname 181",
        "employee_lastname": "employee_lastname 181",
        "employee_phonenumbe": "205-397-2252",
        "ademployee_emaildress": "ademployee_emaildress 181",
        "citemployee_addressy": "citemployee_addressy 181",
        "stateemployee_dev_level": "stateemployee_dev_level 181",
        "employee_gender": "employee_gender 181",
        "employee_hire_date": "2017-07-27T07:44:52.132Z",
        "employee_onleave": false,
        "tech_stack": [
            
        ],
        "project": [
            
        ],
        "id": "181"
    },
    {
        "createdAt": 1648602133,
        "employee_firstname": "employee_firstname 182",
        "employee_lastname": "employee_lastname 182",
        "employee_phonenumbe": "645-539-7966",
        "ademployee_emaildress": "ademployee_emaildress 182",
        "citemployee_addressy": "citemployee_addressy 182",
        "stateemployee_dev_level": "stateemployee_dev_level 182",
        "employee_gender": "employee_gender 182",
        "employee_hire_date": "2006-11-04T06:15:03.275Z",
        "employee_onleave": false,
        "tech_stack": [
            
        ],
        "project": [
            
        ],
        "id": "182"
    },
    {
        "createdAt": 1648602073,
        "employee_firstname": "employee_firstname 183",
        "employee_lastname": "employee_lastname 183",
        "employee_phonenumbe": "807-476-3687",
        "ademployee_emaildress": "ademployee_emaildress 183",
        "citemployee_addressy": "citemployee_addressy 183",
        "stateemployee_dev_level": "stateemployee_dev_level 183",
        "employee_gender": "employee_gender 183",
        "employee_hire_date": "1990-05-28T22:39:03.767Z",
        "employee_onleave": false,
        "tech_stack": [
            
        ],
        "project": [
            
        ],
        "id": "183"
    },
    {
        "createdAt": 1648602014,
        "employee_firstname": "employee_firstname 184",
        "employee_lastname": "employee_lastname 184",
        "employee_phonenumbe": "418-789-2880",
        "ademployee_emaildress": "ademployee_emaildress 184",
        "citemployee_addressy": "citemployee_addressy 184",
        "stateemployee_dev_level": "stateemployee_dev_level 184",
        "employee_gender": "employee_gender 184",
        "employee_hire_date": "2028-02-03T07:46:22.702Z",
        "employee_onleave": false,
        "tech_stack": [
            
        ],
        "project": [
            
        ],
        "id": "184"
    },
    {
        "createdAt": 1648602083,
        "employee_firstname": "employee_firstname 185",
        "employee_lastname": "employee_lastname 185",
        "employee_phonenumbe": "918-953-2840",
        "ademployee_emaildress": "ademployee_emaildress 185",
        "citemployee_addressy": "citemployee_addressy 185",
        "stateemployee_dev_level": "stateemployee_dev_level 185",
        "employee_gender": "employee_gender 185",
        "employee_hire_date": "2032-10-29T11:52:04.356Z",
        "employee_onleave": false,
        "tech_stack": [
            
        ],
        "project": [
            
        ],
        "id": "185"
    },
    {
        "createdAt": 1648602024,
        "employee_firstname": "employee_firstname 186",
        "employee_lastname": "employee_lastname 186",
        "employee_phonenumbe": "497-501-0281",
        "ademployee_emaildress": "ademployee_emaildress 186",
        "citemployee_addressy": "citemployee_addressy 186",
        "stateemployee_dev_level": "stateemployee_dev_level 186",
        "employee_gender": "employee_gender 186",
        "employee_hire_date": "2044-01-19T05:46:56.954Z",
        "employee_onleave": false,
        "tech_stack": [
            
        ],
        "project": [
            
        ],
        "id": "186"
    },
    {
        "createdAt": 1648601965,
        "employee_firstname": "employee_firstname 187",
        "employee_lastname": "employee_lastname 187",
        "employee_phonenumbe": "272-745-6183",
        "ademployee_emaildress": "ademployee_emaildress 187",
        "citemployee_addressy": "citemployee_addressy 187",
        "stateemployee_dev_level": "stateemployee_dev_level 187",
        "employee_gender": "employee_gender 187",
        "employee_hire_date": "2002-01-29T07:14:32.816Z",
        "employee_onleave": false,
        "tech_stack": [
            
        ],
        "project": [
            
        ],
        "id": "187"
    },
    {
        "createdAt": 1648627367,
        "employee_firstname": "employee_firstname 188",
        "employee_lastname": "employee_lastname 188",
        "employee_phonenumbe": "709-367-6548",
        "ademployee_emaildress": "ademployee_emaildress 188",
        "citemployee_addressy": "citemployee_addressy 188",
        "stateemployee_dev_level": "stateemployee_dev_level 188",
        "employee_gender": "employee_gender 188",
        "employee_hire_date": "2078-07-19T05:14:55.523Z",
        "employee_onleave": false,
        "tech_stack": [
            
        ],
        "project": [
            
        ],
        "id": "188"
    },
    {
        "createdAt": 1648627443,
        "employee_firstname": "employee_firstname 189",
        "employee_lastname": "employee_lastname 189",
        "employee_phonenumbe": "395-223-8025",
        "ademployee_emaildress": "ademployee_emaildress 189",
        "citemployee_addressy": "citemployee_addressy 189",
        "stateemployee_dev_level": "stateemployee_dev_level 189",
        "employee_gender": "employee_gender 189",
        "employee_hire_date": "2034-11-13T16:31:10.060Z",
        "employee_onleave": false,
        "tech_stack": [
            
        ],
        "project": [
            
        ],
        "id": "189"
    },
    {
        "createdAt": 1648627614,
        "employee_firstname": "employee_firstname 190",
        "employee_lastname": "employee_lastname 190",
        "employee_phonenumbe": "549-883-7884",
        "ademployee_emaildress": "ademployee_emaildress 190",
        "citemployee_addressy": "citemployee_addressy 190",
        "stateemployee_dev_level": "stateemployee_dev_level 190",
        "employee_gender": "employee_gender 190",
        "employee_hire_date": "2010-05-13T05:53:07.743Z",
        "employee_onleave": false,
        "tech_stack": [
            
        ],
        "project": [
            
        ],
        "id": "190"
    },
    {
        "createdAt": 1648627935,
        "employee_firstname": "employee_firstname 191",
        "employee_lastname": "employee_lastname 191",
        "employee_phonenumbe": "335-504-7158",
        "ademployee_emaildress": "ademployee_emaildress 191",
        "citemployee_addressy": "citemployee_addressy 191",
        "stateemployee_dev_level": "stateemployee_dev_level 191",
        "employee_gender": "employee_gender 191",
        "employee_hire_date": "1991-09-10T20:41:11.318Z",
        "employee_onleave": false,
        "tech_stack": [
            
        ],
        "project": [
            
        ],
        "id": "191"
    },
    {
        "createdAt": 1648628004,
        "employee_firstname": "employee_firstname 192",
        "employee_lastname": "employee_lastname 192",
        "employee_phonenumbe": "410-481-5816",
        "ademployee_emaildress": "ademployee_emaildress 192",
        "citemployee_addressy": "citemployee_addressy 192",
        "stateemployee_dev_level": "stateemployee_dev_level 192",
        "employee_gender": "employee_gender 192",
        "employee_hire_date": "2086-07-08T11:56:56.695Z",
        "employee_onleave": false,
        "tech_stack": [
            
        ],
        "project": [
            
        ],
        "id": "192"
    },
    {
        "createdAt": 1648628011,
        "employee_firstname": "employee_firstname 193",
        "employee_lastname": "employee_lastname 193",
        "employee_phonenumbe": "879-971-0336",
        "ademployee_emaildress": "ademployee_emaildress 193",
        "citemployee_addressy": "citemployee_addressy 193",
        "stateemployee_dev_level": "stateemployee_dev_level 193",
        "employee_gender": "employee_gender 193",
        "employee_hire_date": "2075-07-04T13:48:49.646Z",
        "employee_onleave": false,
        "tech_stack": [
            
        ],
        "project": [
            
        ],
        "id": "193"
    },
    {
        "createdAt": 1648628035,
        "employee_firstname": "employee_firstname 194",
        "employee_lastname": "employee_lastname 194",
        "employee_phonenumbe": "425-797-1190",
        "ademployee_emaildress": "ademployee_emaildress 194",
        "citemployee_addressy": "citemployee_addressy 194",
        "stateemployee_dev_level": "stateemployee_dev_level 194",
        "employee_gender": "employee_gender 194",
        "employee_hire_date": "1996-06-23T11:10:41.103Z",
        "employee_onleave": false,
        "tech_stack": [
            
        ],
        "project": [
            
        ],
        "id": "194"
    },
    {
        "createdAt": 1648628059,
        "employee_firstname": "employee_firstname 195",
        "employee_lastname": "employee_lastname 195",
        "employee_phonenumbe": "389-456-7973",
        "ademployee_emaildress": "ademployee_emaildress 195",
        "citemployee_addressy": "citemployee_addressy 195",
        "stateemployee_dev_level": "stateemployee_dev_level 195",
        "employee_gender": "employee_gender 195",
        "employee_hire_date": "2057-08-06T21:17:14.695Z",
        "employee_onleave": false,
        "tech_stack": [
            
        ],
        "project": [
            
        ],
        "id": "195"
    },
    {
        "createdAt": 1648628040,
        "employee_firstname": "employee_firstname 196",
        "employee_lastname": "employee_lastname 196",
        "employee_phonenumbe": "497-864-2738",
        "ademployee_emaildress": "ademployee_emaildress 196",
        "citemployee_addressy": "citemployee_addressy 196",
        "stateemployee_dev_level": "stateemployee_dev_level 196",
        "employee_gender": "employee_gender 196",
        "employee_hire_date": "2013-09-30T09:26:34.771Z",
        "employee_onleave": false,
        "tech_stack": [
            
        ],
        "project": [
            
        ],
        "id": "196"
    },
    {
        "createdAt": 1648628173,
        "employee_firstname": "employee_firstname 197",
        "employee_lastname": "employee_lastname 197",
        "employee_phonenumbe": "549-493-1293",
        "ademployee_emaildress": "ademployee_emaildress 197",
        "citemployee_addressy": "citemployee_addressy 197",
        "stateemployee_dev_level": "stateemployee_dev_level 197",
        "employee_gender": "employee_gender 197",
        "employee_hire_date": "2074-01-01T07:44:44.900Z",
        "employee_onleave": false,
        "tech_stack": [
            
        ],
        "project": [
            
        ],
        "id": "197"
    },
    {
        "createdAt": 1648628214,
        "employee_firstname": "employee_firstname 198",
        "employee_lastname": "employee_lastname 198",
        "employee_phonenumbe": "210-873-9345",
        "ademployee_emaildress": "ademployee_emaildress 198",
        "citemployee_addressy": "citemployee_addressy 198",
        "stateemployee_dev_level": "stateemployee_dev_level 198",
        "employee_gender": "employee_gender 198",
        "employee_hire_date": "2047-09-21T03:35:58.597Z",
        "employee_onleave": false,
        "tech_stack": [
            
        ],
        "project": [
            
        ],
        "id": "198"
    },
    {
        "createdAt": 1648628229,
        "employee_firstname": "employee_firstname 199",
        "employee_lastname": "employee_lastname 199",
        "employee_phonenumbe": "538-376-7629",
        "ademployee_emaildress": "ademployee_emaildress 199",
        "citemployee_addressy": "citemployee_addressy 199",
        "stateemployee_dev_level": "stateemployee_dev_level 199",
        "employee_gender": "employee_gender 199",
        "employee_hire_date": "2084-05-06T20:41:09.022Z",
        "employee_onleave": false,
        "tech_stack": [
            
        ],
        "project": [
            
        ],
        "id": "199"
    },
    {
        "createdAt": 1648628545,
        "employee_firstname": "employee_firstname 200",
        "employee_lastname": "employee_lastname 200",
        "employee_phonenumbe": "907-338-2785",
        "ademployee_emaildress": "ademployee_emaildress 200",
        "citemployee_addressy": "citemployee_addressy 200",
        "stateemployee_dev_level": "stateemployee_dev_level 200",
        "employee_gender": "employee_gender 200",
        "employee_hire_date": "2064-11-25T06:44:45.389Z",
        "employee_onleave": false,
        "tech_stack": [
            
        ],
        "project": [
            
        ],
        "id": "200"
    },
    {
        "createdAt": 1648628503,
        "employee_firstname": "employee_firstname 201",
        "employee_lastname": "employee_lastname 201",
        "employee_phonenumbe": "739-529-8276",
        "ademployee_emaildress": "ademployee_emaildress 201",
        "citemployee_addressy": "citemployee_addressy 201",
        "stateemployee_dev_level": "stateemployee_dev_level 201",
        "employee_gender": "employee_gender 201",
        "employee_hire_date": "2082-08-03T15:19:15.916Z",
        "employee_onleave": false,
        "tech_stack": [
            
        ],
        "project": [
            
        ],
        "id": "201"
    },
    {
        "createdAt": 1648628569,
        "employee_firstname": "employee_firstname 202",
        "employee_lastname": "employee_lastname 202",
        "employee_phonenumbe": "706-226-7625",
        "ademployee_emaildress": "ademployee_emaildress 202",
        "citemployee_addressy": "citemployee_addressy 202",
        "stateemployee_dev_level": "stateemployee_dev_level 202",
        "employee_gender": "employee_gender 202",
        "employee_hire_date": "2057-10-22T17:11:30.640Z",
        "employee_onleave": false,
        "tech_stack": [
            
        ],
        "project": [
            
        ],
        "id": "202"
    },
    {
        "createdAt": 1648628613,
        "employee_firstname": "employee_firstname 203",
        "employee_lastname": "employee_lastname 203",
        "employee_phonenumbe": "299-487-5755",
        "ademployee_emaildress": "ademployee_emaildress 203",
        "citemployee_addressy": "citemployee_addressy 203",
        "stateemployee_dev_level": "stateemployee_dev_level 203",
        "employee_gender": "employee_gender 203",
        "employee_hire_date": "2069-01-05T03:53:32.248Z",
        "employee_onleave": false,
        "tech_stack": [
            
        ],
        "project": [
            
        ],
        "id": "203"
    },
    {
        "createdAt": 1648629312,
        "employee_firstname": "employee_firstname 204",
        "employee_lastname": "employee_lastname 204",
        "employee_phonenumbe": "397-209-7947",
        "ademployee_emaildress": "ademployee_emaildress 204",
        "citemployee_addressy": "citemployee_addressy 204",
        "stateemployee_dev_level": "stateemployee_dev_level 204",
        "employee_gender": "employee_gender 204",
        "employee_hire_date": "2006-08-29T10:51:45.944Z",
        "employee_onleave": false,
        "tech_stack": [
            
        ],
        "project": [
            
        ],
        "id": "204"
    },
    {
        "createdAt": 1648629705,
        "employee_firstname": "employee_firstname 205",
        "employee_lastname": "employee_lastname 205",
        "employee_phonenumbe": "527-239-8939",
        "ademployee_emaildress": "ademployee_emaildress 205",
        "citemployee_addressy": "citemployee_addressy 205",
        "stateemployee_dev_level": "stateemployee_dev_level 205",
        "employee_gender": "employee_gender 205",
        "employee_hire_date": "2087-08-19T16:35:15.929Z",
        "employee_onleave": false,
        "tech_stack": [
            
        ],
        "project": [
            
        ],
        "id": "205"
    },
    {
        "createdAt": 1649177676,
        "employee_firstname": "employee_firstname 206",
        "employee_lastname": "employee_lastname 206",
        "employee_phonenumbe": "344-564-0947",
        "ademployee_emaildress": "ademployee_emaildress 206",
        "citemployee_addressy": "citemployee_addressy 206",
        "stateemployee_dev_level": "stateemployee_dev_level 206",
        "employee_gender": "employee_gender 206",
        "employee_hire_date": "2003-12-19T23:45:41.303Z",
        "employee_onleave": false,
        "tech_stack": [
            
        ],
        "project": [
            
        ],
        "id": "206"
    },
    {
        "createdAt": 1649177617,
        "employee_firstname": "employee_firstname 207",
        "employee_lastname": "employee_lastname 207",
        "employee_phonenumbe": "293-998-2163",
        "ademployee_emaildress": "ademployee_emaildress 207",
        "citemployee_addressy": "citemployee_addressy 207",
        "stateemployee_dev_level": "stateemployee_dev_level 207",
        "employee_gender": "employee_gender 207",
        "employee_hire_date": "2057-03-22T00:56:03.067Z",
        "employee_onleave": false,
        "tech_stack": [
            
        ],
        "project": [
            
        ],
        "id": "207"
    },
    {
        "createdAt": 1649177557,
        "employee_firstname": "employee_firstname 208",
        "employee_lastname": "employee_lastname 208",
        "employee_phonenumbe": "398-239-7979",
        "ademployee_emaildress": "ademployee_emaildress 208",
        "citemployee_addressy": "citemployee_addressy 208",
        "stateemployee_dev_level": "stateemployee_dev_level 208",
        "employee_gender": "employee_gender 208",
        "employee_hire_date": "2084-06-22T14:50:38.709Z",
        "employee_onleave": false,
        "tech_stack": [
            
        ],
        "project": [
            
        ],
        "id": "208"
    },
    {
        "createdAt": 1631825833,
        "employee_firstname": "TestData12345",
        "employee_lastname": "TestData12345",
        "employee_phonenumbe": "264-783-9453",
        "ademployee_emaildress": "ademployee_emaildress 1",
        "citemployee_addressy": "citemployee_addressy 1",
        "stateemployee_dev_level": "stateemployee_dev_level 1",
        "employee_gender": "employee_gender 1",
        "employee_hire_date": "2025-10-31T16:35:45.426Z",
        "employee_onleave": true,
        "tech_stack": [
            
        ],
        "project": [
            
        ],
        "id": "209"
    },
    {
        "createdAt": 1631825833,
        "employee_firstname": "TestData12345",
        "employee_lastname": "TestData12345",
        "employee_phonenumbe": "264-783-9453",
        "ademployee_emaildress": "ademployee_emaildress 1",
        "citemployee_addressy": "citemployee_addressy 1",
        "stateemployee_dev_level": "stateemployee_dev_level 1",
        "employee_gender": "employee_gender 1",
        "employee_hire_date": "2025-10-31T16:35:45.426Z",
        "employee_onleave": true,
        "tech_stack": [
            
        ],
        "project": [
            
        ],
        "id": "210"
    },
    {
        "createdAt": 1631825833,
        "employee_firstname": "TestData12345",
        "employee_lastname": "TestData12345",
        "employee_phonenumbe": "264-783-9453",
        "ademployee_emaildress": "ademployee_emaildress 1",
        "citemployee_addressy": "citemployee_addressy 1",
        "stateemployee_dev_level": "stateemployee_dev_level 1",
        "employee_gender": "employee_gender 1",
        "employee_hire_date": "2025-10-31T16:35:45.426Z",
        "employee_onleave": true,
        "tech_stack": [
            
        ],
        "project": [
            
        ],
        "id": "211"
    },
    {
        "createdAt": 1631825833,
        "employee_firstname": "TestData12345",
        "employee_lastname": "TestData12345",
        "employee_phonenumbe": "264-783-9453",
        "ademployee_emaildress": "ademployee_emaildress 1",
        "citemployee_addressy": "citemployee_addressy 1",
        "stateemployee_dev_level": "stateemployee_dev_level 1",
        "employee_gender": "employee_gender 1",
        "employee_hire_date": "2025-10-31T16:35:45.426Z",
        "employee_onleave": true,
        "tech_stack": [
            
        ],
        "project": [
            
        ],
        "id": "212"
    },
    {
        "createdAt": "TestData12345",
        "employee_firstname": "employee_firstname 213",
        "employee_lastname": "TestData12345",
        "employee_phonenumbe": "264-783-9453",
        "ademployee_emaildress": "ademployee_emaildress 1",
        "citemployee_addressy": "citemployee_addressy 1",
        "stateemployee_dev_level": "stateemployee_dev_level 1",
        "employee_gender": "employee_gender 1",
        "employee_hire_date": "2025-10-31T16:35:45.426Z",
        "employee_onleave": true,
        "tech_stack": "[]",
        "project": "[]",
        "id": "213"
    },
    {
        "createdAt": 1631825833,
        "employee_firstname": "TestData12345",
        "employee_lastname": "TestData12345",
        "employee_phonenumbe": "264-783-9453",
        "ademployee_emaildress": "ademployee_emaildress 1",
        "citemployee_addressy": "citemployee_addressy 1",
        "stateemployee_dev_level": "stateemployee_dev_level 1",
        "employee_gender": "employee_gender 1",
        "employee_hire_date": "2025-10-31T16:35:45.426Z",
        "employee_onleave": true,
        "tech_stack": [
            
        ],
        "project": [
            
        ],
        "id": "214"
    },
    {
        "createdAt": 1631825833,
        "employee_firstname": "TestData12345",
        "employee_lastname": "TestData12345",
        "employee_phonenumbe": "264-783-9453",
        "ademployee_emaildress": "ademployee_emaildress 1",
        "citemployee_addressy": "citemployee_addressy 1",
        "stateemployee_dev_level": "stateemployee_dev_level 1",
        "employee_gender": "employee_gender 1",
        "employee_hire_date": "2025-10-31T16:35:45.426Z",
        "employee_onleave": true,
        "tech_stack": [
            
        ],
        "project": [
            
        ],
        "id": "215"
    },
    {
        "createdAt": 1654786420,
        "employee_firstname": "employee_firstname 216",
        "employee_lastname": "employee_lastname 216",
        "employee_phonenumbe": "569-922-8979",
        "ademployee_emaildress": "ademployee_emaildress 216",
        "citemployee_addressy": "citemployee_addressy 216",
        "stateemployee_dev_level": "stateemployee_dev_level 216",
        "employee_gender": "employee_gender 216",
        "employee_hire_date": "2013-07-25T05:51:23.764Z",
        "employee_onleave": false,
        "tech_stack": [
            
        ],
        "project": [
            
        ],
        "id": "216"
    },
    {
        "createdAt": 1631825833,
        "employee_firstname": "TestData12345",
        "employee_lastname": "TestData12345",
        "employee_phonenumbe": "264-783-9453",
        "ademployee_emaildress": "ademployee_emaildress 1",
        "citemployee_addressy": "citemployee_addressy 1",
        "stateemployee_dev_level": "stateemployee_dev_level 1",
        "employee_gender": "employee_gender 1",
        "employee_hire_date": "2025-10-31T16:35:45.426Z",
        "employee_onleave": true,
        "tech_stack": [
            
        ],
        "project": [
            
        ],
        "id": "217"
    },
    {
        "createdAt": 1631825833,
        "employee_firstname": "TestData12345",
        "employee_lastname": "TestData12345",
        "employee_phonenumbe": "264-783-9453",
        "ademployee_emaildress": "ademployee_emaildress 1",
        "citemployee_addressy": "citemployee_addressy 1",
        "stateemployee_dev_level": "stateemployee_dev_level 1",
        "employee_gender": "employee_gender 1",
        "employee_hire_date": "2025-10-31T16:35:45.426Z",
        "employee_onleave": true,
        "tech_stack": [
            
        ],
        "project": [
            
        ],
        "id": "218"
    },
    {
        "createdAt": 1631825833,
        "employee_firstname": "TestData12345",
        "employee_lastname": "TestData12345",
        "employee_phonenumbe": "264-783-9453",
        "ademployee_emaildress": "ademployee_emaildress 1",
        "citemployee_addressy": "citemployee_addressy 1",
        "stateemployee_dev_level": "stateemployee_dev_level 1",
        "employee_gender": "employee_gender 1",
        "employee_hire_date": "2025-10-31T16:35:45.426Z",
        "employee_onleave": true,
        "tech_stack": [
            
        ],
        "project": [
            
        ],
        "id": "219"
    },
    {
        "createdAt": 1631825833,
        "employee_firstname": "TestData12345",
        "employee_lastname": "TestData12345",
        "employee_phonenumbe": "264-783-9453",
        "ademployee_emaildress": "ademployee_emaildress 1",
        "citemployee_addressy": "citemployee_addressy 1",
        "stateemployee_dev_level": "stateemployee_dev_level 1",
        "employee_gender": "employee_gender 1",
        "employee_hire_date": "2025-10-31T16:35:45.426Z",
        "employee_onleave": true,
        "tech_stack": [
            
        ],
        "project": [
            
        ],
        "id": "220"
    },
    {
        "createdAt": 1631825833,
        "employee_firstname": "TestData12345",
        "employee_lastname": "TestData12345",
        "employee_phonenumbe": "264-783-9453",
        "ademployee_emaildress": "ademployee_emaildress 1",
        "citemployee_addressy": "citemployee_addressy 1",
        "stateemployee_dev_level": "stateemployee_dev_level 1",
        "employee_gender": "employee_gender 1",
        "employee_hire_date": "2025-10-31T16:35:45.426Z",
        "employee_onleave": true,
        "tech_stack": [
            
        ],
        "project": [
            
        ],
        "id": "221"
    },
    {
        "createdAt": 1631825833,
        "employee_firstname": "TestData12345",
        "employee_lastname": "TestData12345",
        "employee_phonenumbe": "264-783-9453",
        "ademployee_emaildress": "ademployee_emaildress 1",
        "citemployee_addressy": "citemployee_addressy 1",
        "stateemployee_dev_level": "stateemployee_dev_level 1",
        "employee_gender": "employee_gender 1",
        "employee_hire_date": "2025-10-31T16:35:45.426Z",
        "employee_onleave": true,
        "tech_stack": [
            
        ],
        "project": [
            
        ],
        "id": "222"
    },
    {
        "createdAt": 1631825833,
        "employee_firstname": "TestData12345",
        "employee_lastname": "TestData12345",
        "employee_phonenumbe": "264-783-9453",
        "ademployee_emaildress": "ademployee_emaildress 1",
        "citemployee_addressy": "citemployee_addressy 1",
        "stateemployee_dev_level": "stateemployee_dev_level 1",
        "employee_gender": "employee_gender 1",
        "employee_hire_date": "2025-10-31T16:35:45.426Z",
        "employee_onleave": true,
        "tech_stack": [
            
        ],
        "project": [
            
        ],
        "id": "223"
    },
    {
        "createdAt": 1631824813,
        "employee_firstname": "employee_firstname 18",
        "employee_lastname": "employee_lastname 18",
        "employee_phonenumbe": "940-588-5938",
        "ademployee_emaildress": "ademployee_emaildress 18",
        "citemployee_addressy": "citemployee_addressy 18",
        "stateemployee_dev_level": "stateemployee_dev_level 18",
        "employee_gender": "employee_gender 18",
        "employee_hire_date": "2033-02-05T21:36:16.575Z",
        "employee_onleave": false,
        "tech_stack": [
            
        ],
        "project": [
            
        ],
        "id": "224"
    },
    {
        "createdAt": 1631824813,
        "employee_firstname": "employee_firstname 225",
        "employee_lastname": "employee_lastname 225",
        "employee_phonenumbe": "570-950-6721",
        "ademployee_emaildress": "ademployee_emaildress 225",
        "citemployee_addressy": "citemployee_addressy 225",
        "stateemployee_dev_level": "stateemployee_dev_level 225",
        "employee_gender": "employee_gender 225",
        "employee_hire_date": "2040-10-05T06:16:53.099Z",
        "employee_onleave": false,
        "tech_stack": [
            
        ],
        "project": [
            
        ],
        "id": "225",
        "employeeFirstname": "hassan 1",
        "employeeLastname": "hassan 2",
        "employeePhonenumbe": "940-588-5938",
        "ademployeeEmaildress": "hassan@gmail.com",
        "citemployeeAddressy": "citemployee_addressy 1",
        "stateemployeeDevLevel": "stateemployee_dev_level 1",
        "employeeGender": "employee_gender 1",
        "employeeHireDate": "2033-02-05T21:36:16.575Z",
        "employeeOnleave": false,
        "techStack": [
            
        ],
        "additionalProperties": {
            
        }
    },
    {
        "createdAt": 1631824813,
        "employee_firstname": "employee_firstname 226",
        "employee_lastname": "employee_lastname 226",
        "employee_phonenumbe": "770-478-0166",
        "ademployee_emaildress": "ademployee_emaildress 226",
        "citemployee_addressy": "citemployee_addressy 226",
        "stateemployee_dev_level": "stateemployee_dev_level 226",
        "employee_gender": "employee_gender 226",
        "employee_hire_date": "2006-05-14T06:36:25.468Z",
        "employee_onleave": false,
        "tech_stack": [
            
        ],
        "project": [
            
        ],
        "id": "226",
        "employeeFirstname": "hassan 1",
        "employeeLastname": "hassan 2",
        "employeePhonenumbe": "940-588-5938",
        "ademployeeEmaildress": "hassan@gmail.com",
        "citemployeeAddressy": "citemployee_addressy 1",
        "stateemployeeDevLevel": "stateemployee_dev_level 1",
        "employeeGender": "employee_gender 1",
        "employeeHireDate": "2033-02-05T21:36:16.575Z",
        "employeeOnleave": false,
        "techStack": [
            
        ],
        "additionalProperties": {
            
        }
    },
    {
        "createdAt": 1631824813,
        "employee_firstname": "hassan 1",
        "employee_lastname": "hassan 2",
        "employee_phonenumbe": "940-588-5938",
        "ademployee_emaildress": "hassan@gmail.com",
        "citemployee_addressy": "citemployee_addressy 1",
        "stateemployee_dev_level": "stateemployee_dev_level 1",
        "employee_gender": "employee_gender 1",
        "employee_hire_date": "2033-02-05T21:36:16.575Z",
        "employee_onleave": false,
        "tech_stack": [
            
        ],
        "project": [
            
        ],
        "id": "227"
    },
    {
        "createdAt": 1631824813,
        "employee_firstname": "employee_firstname 228",
        "employee_lastname": "employee_lastname 228",
        "employee_phonenumbe": "702-383-9802",
        "ademployee_emaildress": "ademployee_emaildress 228",
        "citemployee_addressy": "citemployee_addressy 228",
        "stateemployee_dev_level": "stateemployee_dev_level 228",
        "employee_gender": "employee_gender 228",
        "employee_hire_date": "2076-07-13T21:10:40.126Z",
        "employee_onleave": false,
        "tech_stack": [
            
        ],
        "project": [
            
        ],
        "id": "228",
        "employeeFirstname": "hassan 1",
        "employeeLastname": "hassan 2",
        "employeePhonenumbe": "940-588-5938",
        "ademployeeEmaildress": "hassan@gmail.com",
        "citemployeeAddressy": "citemployee_addressy 1",
        "stateemployeeDevLevel": "stateemployee_dev_level 1",
        "employeeGender": "employee_gender 1",
        "employeeHireDate": "2033-02-05T21:36:16.575Z",
        "employeeOnleave": false,
        "techStack": [
            
        ],
        "additionalProperties": {
            
        }
    },
    {
        "createdAt": 1660815170,
        "employee_firstname": "employee_firstname 239",
        "employee_lastname": "employee_lastname 239",
        "employee_phonenumbe": "899-827-4290",
        "ademployee_emaildress": "ademployee_emaildress 239",
        "citemployee_addressy": "citemployee_addressy 239",
        "stateemployee_dev_level": "stateemployee_dev_level 239",
        "employee_gender": "employee_gender 239",
        "employee_hire_date": "2096-03-21T20:07:07.331Z",
        "employee_onleave": false,
        "tech_stack": [
            
        ],
        "project": [
            
        ],
        "id": "239"
    },
    {
        "createdAt": 1660817070,
        "employee_firstname": "employee_firstname 249",
        "employee_lastname": "employee_lastname 249",
        "employee_phonenumbe": "740-773-5991",
        "ademployee_emaildress": "ademployee_emaildress 249",
        "citemployee_addressy": "citemployee_addressy 249",
        "stateemployee_dev_level": "stateemployee_dev_level 249",
        "employee_gender": "employee_gender 249",
        "employee_hire_date": "2066-10-14T12:14:42.220Z",
        "employee_onleave": false,
        "tech_stack": [
            
        ],
        "project": [
            
        ],
        "id": "249"
    },
    {
        "createdAt": 1631825833,
        "employee_firstname": "TestData12345",
        "employee_lastname": "TestData12345",
        "employee_phonenumbe": "264-783-9453",
        "ademployee_emaildress": "ademployee_emaildress 250",
        "citemployee_addressy": "citemployee_addressy 1",
        "stateemployee_dev_level": "stateemployee_dev_level 1",
        "employee_gender": "employee_gender 1",
        "employee_hire_date": "2025-10-31T16:35:45.426Z",
        "employee_onleave": true,
        "tech_stack": [
            
        ],
        "project": [
            
        ],
        "id": "250",
        "employee_emaildress": "employee_emaildress 1"
    },
    {
        "createdAt": 1660817120,
        "employee_firstname": "employee_firstname 251",
        "employee_lastname": "employee_lastname 251",
        "employee_phonenumbe": "309-846-8883",
        "ademployee_emaildress": "ademployee_emaildress 251",
        "citemployee_addressy": "citemployee_addressy 251",
        "stateemployee_dev_level": "stateemployee_dev_level 251",
        "employee_gender": "employee_gender 251",
        "employee_hire_date": "2082-11-28T10:38:49.345Z",
        "employee_onleave": false,
        "tech_stack": [
            
        ],
        "project": [
            
        ],
        "id": "251"
    },
    {
        "createdAt": 1660817163,
        "employee_firstname": "employee_firstname 252",
        "employee_lastname": "employee_lastname 252",
        "employee_phonenumbe": "877-257-8073",
        "ademployee_emaildress": "ademployee_emaildress 252",
        "citemployee_addressy": "citemployee_addressy 252",
        "stateemployee_dev_level": "stateemployee_dev_level 252",
        "employee_gender": "employee_gender 252",
        "employee_hire_date": "2032-07-27T16:02:44.626Z",
        "employee_onleave": false,
        "tech_stack": [
            
        ],
        "project": [
            
        ],
        "id": "252"
    },
    {
        "createdAt": 1660817564,
        "employee_firstname": "employee_firstname 253",
        "employee_lastname": "employee_lastname 253",
        "employee_phonenumbe": "855-580-8630",
        "ademployee_emaildress": "ademployee_emaildress 253",
        "citemployee_addressy": "citemployee_addressy 253",
        "stateemployee_dev_level": "stateemployee_dev_level 253",
        "employee_gender": "employee_gender 253",
        "employee_hire_date": "2055-02-21T07:40:25.968Z",
        "employee_onleave": false,
        "tech_stack": [
            
        ],
        "project": [
            
        ],
        "id": "253"
    },
    {
        "createdAt": 1660817798,
        "employee_firstname": "employee_firstname 254",
        "employee_lastname": "employee_lastname 254",
        "employee_phonenumbe": "728-640-2695",
        "ademployee_emaildress": "ademployee_emaildress 254",
        "citemployee_addressy": "citemployee_addressy 254",
        "stateemployee_dev_level": "stateemployee_dev_level 254",
        "employee_gender": "employee_gender 254",
        "employee_hire_date": "2005-10-24T16:09:59.017Z",
        "employee_onleave": false,
        "tech_stack": [
            
        ],
        "project": [
            
        ],
        "id": "254"
    },
    {
        "createdAt": 1660817985,
        "employee_firstname": "employee_firstname 255",
        "employee_lastname": "employee_lastname 255",
        "employee_phonenumbe": "343-387-0071",
        "ademployee_emaildress": "ademployee_emaildress 255",
        "citemployee_addressy": "citemployee_addressy 255",
        "stateemployee_dev_level": "stateemployee_dev_level 255",
        "employee_gender": "employee_gender 255",
        "employee_hire_date": "2094-08-16T18:23:41.338Z",
        "employee_onleave": false,
        "tech_stack": [
            
        ],
        "project": [
            
        ],
        "id": "255"
    },
    {
        "createdAt": 1660818361,
        "employee_firstname": "employee_firstname 256",
        "employee_lastname": "employee_lastname 256",
        "employee_phonenumbe": "646-929-9404",
        "ademployee_emaildress": "ademployee_emaildress 256",
        "citemployee_addressy": "citemployee_addressy 256",
        "stateemployee_dev_level": "stateemployee_dev_level 256",
        "employee_gender": "employee_gender 256",
        "employee_hire_date": "2017-02-25T13:44:10.078Z",
        "employee_onleave": false,
        "tech_stack": [
            
        ],
        "project": [
            
        ],
        "id": "256"
    },
    {
        "createdAt": 1660818760,
        "employee_firstname": "employee_firstname 257",
        "employee_lastname": "employee_lastname 257",
        "employee_phonenumbe": "780-758-8463",
        "ademployee_emaildress": "ademployee_emaildress 257",
        "citemployee_addressy": "citemployee_addressy 257",
        "stateemployee_dev_level": "stateemployee_dev_level 257",
        "employee_gender": "employee_gender 257",
        "employee_hire_date": "2034-10-20T06:19:33.373Z",
        "employee_onleave": false,
        "tech_stack": [
            
        ],
        "project": [
            
        ],
        "id": "257"
    },
    {
        "createdAt": 1631825833,
        "employee_firstname": "TestData12345",
        "employee_lastname": "TestData12345",
        "employee_phonenumbe": "264-783-9453",
        "ademployee_emaildress": "ademployee_emaildress 1",
        "citemployee_addressy": "citemployee_addressy 1",
        "stateemployee_dev_level": "stateemployee_dev_level 1",
        "employee_gender": "employee_gender 1",
        "employee_hire_date": "2025-10-31T16:35:45.426Z",
        "employee_onleave": true,
        "tech_stack": [
            
        ],
        "project": [
            
        ],
        "id": "258"
    },
    {
        "createdAt": 1631825833,
        "employee_firstname": "TestData12345",
        "employee_lastname": "TestData12345",
        "employee_phonenumbe": "264-783-9453",
        "ademployee_emaildress": "ademployee_emaildress 1",
        "citemployee_addressy": "citemployee_addressy 1",
        "stateemployee_dev_level": "stateemployee_dev_level 1",
        "employee_gender": "employee_gender 1",
        "employee_hire_date": "2025-10-31T16:35:45.426Z",
        "employee_onleave": true,
        "tech_stack": [
            
        ],
        "project": [
            
        ],
        "id": "259"
    },
    {
        "createdAt": 1631825833,
        "employee_firstname": "TestData12345",
        "employee_lastname": "TestData12345",
        "employee_phonenumbe": "264-783-9453",
        "ademployee_emaildress": "ademployee_emaildress 1",
        "citemployee_addressy": "citemployee_addressy 1",
        "stateemployee_dev_level": "stateemployee_dev_level 1",
        "employee_gender": "employee_gender 1",
        "employee_hire_date": "2025-10-31T16:35:45.426Z",
        "employee_onleave": true,
        "tech_stack": [
            
        ],
        "project": [
            
        ],
        "id": "260"
    },
    {
        "createdAt": 1631825833,
        "employee_firstname": "TestData12345",
        "employee_lastname": "TestData12345",
        "employee_phonenumbe": "264-783-9453",
        "ademployee_emaildress": "ademployee_emaildress 1",
        "citemployee_addressy": "citemployee_addressy 1",
        "stateemployee_dev_level": "stateemployee_dev_level 1",
        "employee_gender": "employee_gender 1",
        "employee_hire_date": "2025-10-31T16:35:45.426Z",
        "employee_onleave": true,
        "tech_stack": [
            
        ],
        "project": [
            
        ],
        "id": "261"
    },
    {
        "createdAt": 1660821732,
        "employee_firstname": "employee_firstname 262",
        "employee_lastname": "employee_lastname 262",
        "employee_phonenumbe": "602-909-6312",
        "ademployee_emaildress": "ademployee_emaildress 262",
        "citemployee_addressy": "citemployee_addressy 262",
        "stateemployee_dev_level": "stateemployee_dev_level 262",
        "employee_gender": "employee_gender 262",
        "employee_hire_date": "2006-12-22T06:46:13.731Z",
        "employee_onleave": false,
        "tech_stack": [
            
        ],
        "project": [
            
        ],
        "id": "262"
    },
    {
        "createdAt": "1631825833",
        "employee_firstname": "TestData12345",
        "employee_lastname": "TestData12345",
        "employee_phonenumbe": "699-786-4815",
        "ademployee_emaildress": "ademployee_emaildress 263",
        "citemployee_addressy": "citemployee_addressy 1",
        "stateemployee_dev_level": "stateemployee_dev_level 1",
        "employee_gender": "employee_gender 1",
        "employee_hire_date": "2025-10-31T16:35:45.426Z",
        "employee_onleave": "true",
        "tech_stack": [
            
        ],
        "project": [
            
        ],
        "id": "263",
        "employee_emaildress": "employee_emaildress 1"
    },
    {
        "createdAt": 1660821756,
        "employee_firstname": "employee_firstname 264",
        "employee_lastname": "employee_lastname 264",
        "employee_phonenumbe": "591-610-7964",
        "ademployee_emaildress": "ademployee_emaildress 264",
        "citemployee_addressy": "citemployee_addressy 264",
        "stateemployee_dev_level": "stateemployee_dev_level 264",
        "employee_gender": "employee_gender 264",
        "employee_hire_date": "2054-01-16T12:50:13.552Z",
        "employee_onleave": false,
        "tech_stack": [
            
        ],
        "project": [
            
        ],
        "id": "264"
    },
    {
        "createdAt": 1631825833,
        "employee_firstname": "TestData12345",
        "employee_lastname": "TestData12345",
        "employee_phonenumbe": "264-783-9453",
        "ademployee_emaildress": "ademployee_emaildress 1",
        "citemployee_addressy": "citemployee_addressy 1",
        "stateemployee_dev_level": "stateemployee_dev_level 1",
        "employee_gender": "employee_gender 1",
        "employee_hire_date": "2025-10-31T16:35:45.426Z",
        "employee_onleave": true,
        "tech_stack": [
            
        ],
        "project": [
            
        ],
        "id": "265"
    }
]
GET stcode io.restassured.internal.ValidatableResponseImpl@3fa7df1
retrieve last id 265
POST call id value null
GET call id value(last index) null
]]></system-out>
  </testcase>
</testsuite>